This is pdfTeX, Version 3.14159265-2.6-1.40.18 (TeX Live 2017) (preloaded format=pdflatex 2017.12.20)  12 SEP 2019 21:30
entering extended mode
 restricted \write18 enabled.
 %&-line parsing enabled.
**dataQuality.tex
(./dataQuality.tex
LaTeX2e <2017-04-15>
Babel <3.15> and hyphenation patterns for 84 language(s) loaded.
(/usr/local/texlive/2017/texmf-dist/tex/latex/base/article.cls
Document Class: article 2014/09/29 v1.4h Standard LaTeX document class
(/usr/local/texlive/2017/texmf-dist/tex/latex/base/size10.clo
File: size10.clo 2014/09/29 v1.4h Standard LaTeX file (size option)
)
\c@part=\count79
\c@section=\count80
\c@subsection=\count81
\c@subsubsection=\count82
\c@paragraph=\count83
\c@subparagraph=\count84
\c@figure=\count85
\c@table=\count86
\abovecaptionskip=\skip41
\belowcaptionskip=\skip42
\bibindent=\dimen102
) (/usr/local/texlive/2017/texmf-dist/tex/latex/lm/lmodern.sty
Package: lmodern 2009/10/30 v1.6 Latin Modern Fonts
LaTeX Font Info:    Overwriting symbol font `operators' in version `normal'
(Font)                  OT1/cmr/m/n --> OT1/lmr/m/n on input line 22.
LaTeX Font Info:    Overwriting symbol font `letters' in version `normal'
(Font)                  OML/cmm/m/it --> OML/lmm/m/it on input line 23.
LaTeX Font Info:    Overwriting symbol font `symbols' in version `normal'
(Font)                  OMS/cmsy/m/n --> OMS/lmsy/m/n on input line 24.
LaTeX Font Info:    Overwriting symbol font `largesymbols' in version `normal'
(Font)                  OMX/cmex/m/n --> OMX/lmex/m/n on input line 25.
LaTeX Font Info:    Overwriting symbol font `operators' in version `bold'
(Font)                  OT1/cmr/bx/n --> OT1/lmr/bx/n on input line 26.
LaTeX Font Info:    Overwriting symbol font `letters' in version `bold'
(Font)                  OML/cmm/b/it --> OML/lmm/b/it on input line 27.
LaTeX Font Info:    Overwriting symbol font `symbols' in version `bold'
(Font)                  OMS/cmsy/b/n --> OMS/lmsy/b/n on input line 28.
LaTeX Font Info:    Overwriting symbol font `largesymbols' in version `bold'
(Font)                  OMX/cmex/m/n --> OMX/lmex/m/n on input line 29.
LaTeX Font Info:    Overwriting math alphabet `\mathbf' in version `normal'
(Font)                  OT1/cmr/bx/n --> OT1/lmr/bx/n on input line 31.
LaTeX Font Info:    Overwriting math alphabet `\mathsf' in version `normal'
(Font)                  OT1/cmss/m/n --> OT1/lmss/m/n on input line 32.
LaTeX Font Info:    Overwriting math alphabet `\mathit' in version `normal'
(Font)                  OT1/cmr/m/it --> OT1/lmr/m/it on input line 33.
LaTeX Font Info:    Overwriting math alphabet `\mathtt' in version `normal'
(Font)                  OT1/cmtt/m/n --> OT1/lmtt/m/n on input line 34.
LaTeX Font Info:    Overwriting math alphabet `\mathbf' in version `bold'
(Font)                  OT1/cmr/bx/n --> OT1/lmr/bx/n on input line 35.
LaTeX Font Info:    Overwriting math alphabet `\mathsf' in version `bold'
(Font)                  OT1/cmss/bx/n --> OT1/lmss/bx/n on input line 36.
LaTeX Font Info:    Overwriting math alphabet `\mathit' in version `bold'
(Font)                  OT1/cmr/bx/it --> OT1/lmr/bx/it on input line 37.
LaTeX Font Info:    Overwriting math alphabet `\mathtt' in version `bold'
(Font)                  OT1/cmtt/m/n --> OT1/lmtt/m/n on input line 38.
) (/usr/local/texlive/2017/texmf-dist/tex/latex/amsfonts/amssymb.sty
Package: amssymb 2013/01/14 v3.01 AMS font symbols
(/usr/local/texlive/2017/texmf-dist/tex/latex/amsfonts/amsfonts.sty
Package: amsfonts 2013/01/14 v3.01 Basic AMSFonts support
\@emptytoks=\toks14
\symAMSa=\mathgroup4
\symAMSb=\mathgroup5
LaTeX Font Info:    Overwriting math alphabet `\mathfrak' in version `bold'
(Font)                  U/euf/m/n --> U/euf/b/n on input line 106.
)) (/usr/local/texlive/2017/texmf-dist/tex/latex/amsmath/amsmath.sty
Package: amsmath 2017/09/02 v2.17a AMS math features
\@mathmargin=\skip43
For additional information on amsmath, use the `?' option.
(/usr/local/texlive/2017/texmf-dist/tex/latex/amsmath/amstext.sty
Package: amstext 2000/06/29 v2.01 AMS text
(/usr/local/texlive/2017/texmf-dist/tex/latex/amsmath/amsgen.sty
File: amsgen.sty 1999/11/30 v2.0 generic functions
\@emptytoks=\toks15
\ex@=\dimen103
)) (/usr/local/texlive/2017/texmf-dist/tex/latex/amsmath/amsbsy.sty
Package: amsbsy 1999/11/29 v1.2d Bold Symbols
\pmbraise@=\dimen104
) (/usr/local/texlive/2017/texmf-dist/tex/latex/amsmath/amsopn.sty
Package: amsopn 2016/03/08 v2.02 operator names
)
\inf@bad=\count87
LaTeX Info: Redefining \frac on input line 213.
\uproot@=\count88
\leftroot@=\count89
LaTeX Info: Redefining \overline on input line 375.
\classnum@=\count90
\DOTSCASE@=\count91
LaTeX Info: Redefining \ldots on input line 472.
LaTeX Info: Redefining \dots on input line 475.
LaTeX Info: Redefining \cdots on input line 596.
\Mathstrutbox@=\box26
\strutbox@=\box27
\big@size=\dimen105
LaTeX Font Info:    Redeclaring font encoding OML on input line 712.
LaTeX Font Info:    Redeclaring font encoding OMS on input line 713.
\macc@depth=\count92
\c@MaxMatrixCols=\count93
\dotsspace@=\muskip10
\c@parentequation=\count94
\dspbrk@lvl=\count95
\tag@help=\toks16
\row@=\count96
\column@=\count97
\maxfields@=\count98
\andhelp@=\toks17
\eqnshift@=\dimen106
\alignsep@=\dimen107
\tagshift@=\dimen108
\tagwidth@=\dimen109
\totwidth@=\dimen110
\lineht@=\dimen111
\@envbody=\toks18
\multlinegap=\skip44
\multlinetaggap=\skip45
\mathdisplay@stack=\toks19
LaTeX Info: Redefining \[ on input line 2817.
LaTeX Info: Redefining \] on input line 2818.
) (/usr/local/texlive/2017/texmf-dist/tex/generic/ifxetex/ifxetex.sty
Package: ifxetex 2010/09/12 v0.6 Provides ifxetex conditional
) (/usr/local/texlive/2017/texmf-dist/tex/generic/oberdiek/ifluatex.sty
Package: ifluatex 2016/05/16 v1.4 Provides the ifluatex switch (HO)
Package ifluatex Info: LuaTeX not detected.
) (/usr/local/texlive/2017/texmf-dist/tex/latex/base/fixltx2e.sty
Package: fixltx2e 2016/12/29 v2.1a fixes to LaTeX (obsolete)
Applying: [2015/01/01] Old fixltx2e package on input line 46.

Package fixltx2e Warning: fixltx2e is not required with releases after 2015
(fixltx2e)                All fixes are now in the LaTeX kernel.
(fixltx2e)                See the latexrelease package for details.

Already applied: [0000/00/00] Old fixltx2e package on input line 53.
) (/usr/local/texlive/2017/texmf-dist/tex/latex/base/fontenc.sty
Package: fontenc 2017/04/05 v2.0i Standard LaTeX package
(/usr/local/texlive/2017/texmf-dist/tex/latex/base/t1enc.def
File: t1enc.def 2017/04/05 v2.0i Standard LaTeX file
LaTeX Font Info:    Redeclaring font encoding T1 on input line 48.
)) (/usr/local/texlive/2017/texmf-dist/tex/latex/base/inputenc.sty
Package: inputenc 2015/03/17 v1.2c Input encoding file
\inpenc@prehook=\toks20
\inpenc@posthook=\toks21
(/usr/local/texlive/2017/texmf-dist/tex/latex/base/utf8.def
File: utf8.def 2017/01/28 v1.1t UTF-8 support for inputenc
Now handling font encoding OML ...
... no UTF-8 mapping file for font encoding OML
Now handling font encoding T1 ...
... processing UTF-8 mapping file for font encoding T1
(/usr/local/texlive/2017/texmf-dist/tex/latex/base/t1enc.dfu
File: t1enc.dfu 2017/01/28 v1.1t UTF-8 support for inputenc
   defining Unicode char U+00A0 (decimal 160)
   defining Unicode char U+00A1 (decimal 161)
   defining Unicode char U+00A3 (decimal 163)
   defining Unicode char U+00AB (decimal 171)
   defining Unicode char U+00AD (decimal 173)
   defining Unicode char U+00BB (decimal 187)
   defining Unicode char U+00BF (decimal 191)
   defining Unicode char U+00C0 (decimal 192)
   defining Unicode char U+00C1 (decimal 193)
   defining Unicode char U+00C2 (decimal 194)
   defining Unicode char U+00C3 (decimal 195)
   defining Unicode char U+00C4 (decimal 196)
   defining Unicode char U+00C5 (decimal 197)
   defining Unicode char U+00C6 (decimal 198)
   defining Unicode char U+00C7 (decimal 199)
   defining Unicode char U+00C8 (decimal 200)
   defining Unicode char U+00C9 (decimal 201)
   defining Unicode char U+00CA (decimal 202)
   defining Unicode char U+00CB (decimal 203)
   defining Unicode char U+00CC (decimal 204)
   defining Unicode char U+00CD (decimal 205)
   defining Unicode char U+00CE (decimal 206)
   defining Unicode char U+00CF (decimal 207)
   defining Unicode char U+00D0 (decimal 208)
   defining Unicode char U+00D1 (decimal 209)
   defining Unicode char U+00D2 (decimal 210)
   defining Unicode char U+00D3 (decimal 211)
   defining Unicode char U+00D4 (decimal 212)
   defining Unicode char U+00D5 (decimal 213)
   defining Unicode char U+00D6 (decimal 214)
   defining Unicode char U+00D8 (decimal 216)
   defining Unicode char U+00D9 (decimal 217)
   defining Unicode char U+00DA (decimal 218)
   defining Unicode char U+00DB (decimal 219)
   defining Unicode char U+00DC (decimal 220)
   defining Unicode char U+00DD (decimal 221)
   defining Unicode char U+00DE (decimal 222)
   defining Unicode char U+00DF (decimal 223)
   defining Unicode char U+00E0 (decimal 224)
   defining Unicode char U+00E1 (decimal 225)
   defining Unicode char U+00E2 (decimal 226)
   defining Unicode char U+00E3 (decimal 227)
   defining Unicode char U+00E4 (decimal 228)
   defining Unicode char U+00E5 (decimal 229)
   defining Unicode char U+00E6 (decimal 230)
   defining Unicode char U+00E7 (decimal 231)
   defining Unicode char U+00E8 (decimal 232)
   defining Unicode char U+00E9 (decimal 233)
   defining Unicode char U+00EA (decimal 234)
   defining Unicode char U+00EB (decimal 235)
   defining Unicode char U+00EC (decimal 236)
   defining Unicode char U+00ED (decimal 237)
   defining Unicode char U+00EE (decimal 238)
   defining Unicode char U+00EF (decimal 239)
   defining Unicode char U+00F0 (decimal 240)
   defining Unicode char U+00F1 (decimal 241)
   defining Unicode char U+00F2 (decimal 242)
   defining Unicode char U+00F3 (decimal 243)
   defining Unicode char U+00F4 (decimal 244)
   defining Unicode char U+00F5 (decimal 245)
   defining Unicode char U+00F6 (decimal 246)
   defining Unicode char U+00F8 (decimal 248)
   defining Unicode char U+00F9 (decimal 249)
   defining Unicode char U+00FA (decimal 250)
   defining Unicode char U+00FB (decimal 251)
   defining Unicode char U+00FC (decimal 252)
   defining Unicode char U+00FD (decimal 253)
   defining Unicode char U+00FE (decimal 254)
   defining Unicode char U+00FF (decimal 255)
   defining Unicode char U+0100 (decimal 256)
   defining Unicode char U+0101 (decimal 257)
   defining Unicode char U+0102 (decimal 258)
   defining Unicode char U+0103 (decimal 259)
   defining Unicode char U+0104 (decimal 260)
   defining Unicode char U+0105 (decimal 261)
   defining Unicode char U+0106 (decimal 262)
   defining Unicode char U+0107 (decimal 263)
   defining Unicode char U+0108 (decimal 264)
   defining Unicode char U+0109 (decimal 265)
   defining Unicode char U+010A (decimal 266)
   defining Unicode char U+010B (decimal 267)
   defining Unicode char U+010C (decimal 268)
   defining Unicode char U+010D (decimal 269)
   defining Unicode char U+010E (decimal 270)
   defining Unicode char U+010F (decimal 271)
   defining Unicode char U+0110 (decimal 272)
   defining Unicode char U+0111 (decimal 273)
   defining Unicode char U+0112 (decimal 274)
   defining Unicode char U+0113 (decimal 275)
   defining Unicode char U+0114 (decimal 276)
   defining Unicode char U+0115 (decimal 277)
   defining Unicode char U+0116 (decimal 278)
   defining Unicode char U+0117 (decimal 279)
   defining Unicode char U+0118 (decimal 280)
   defining Unicode char U+0119 (decimal 281)
   defining Unicode char U+011A (decimal 282)
   defining Unicode char U+011B (decimal 283)
   defining Unicode char U+011C (decimal 284)
   defining Unicode char U+011D (decimal 285)
   defining Unicode char U+011E (decimal 286)
   defining Unicode char U+011F (decimal 287)
   defining Unicode char U+0120 (decimal 288)
   defining Unicode char U+0121 (decimal 289)
   defining Unicode char U+0122 (decimal 290)
   defining Unicode char U+0123 (decimal 291)
   defining Unicode char U+0124 (decimal 292)
   defining Unicode char U+0125 (decimal 293)
   defining Unicode char U+0128 (decimal 296)
   defining Unicode char U+0129 (decimal 297)
   defining Unicode char U+012A (decimal 298)
   defining Unicode char U+012B (decimal 299)
   defining Unicode char U+012C (decimal 300)
   defining Unicode char U+012D (decimal 301)
   defining Unicode char U+012E (decimal 302)
   defining Unicode char U+012F (decimal 303)
   defining Unicode char U+0130 (decimal 304)
   defining Unicode char U+0131 (decimal 305)
   defining Unicode char U+0132 (decimal 306)
   defining Unicode char U+0133 (decimal 307)
   defining Unicode char U+0134 (decimal 308)
   defining Unicode char U+0135 (decimal 309)
   defining Unicode char U+0136 (decimal 310)
   defining Unicode char U+0137 (decimal 311)
   defining Unicode char U+0139 (decimal 313)
   defining Unicode char U+013A (decimal 314)
   defining Unicode char U+013B (decimal 315)
   defining Unicode char U+013C (decimal 316)
   defining Unicode char U+013D (decimal 317)
   defining Unicode char U+013E (decimal 318)
   defining Unicode char U+0141 (decimal 321)
   defining Unicode char U+0142 (decimal 322)
   defining Unicode char U+0143 (decimal 323)
   defining Unicode char U+0144 (decimal 324)
   defining Unicode char U+0145 (decimal 325)
   defining Unicode char U+0146 (decimal 326)
   defining Unicode char U+0147 (decimal 327)
   defining Unicode char U+0148 (decimal 328)
   defining Unicode char U+014A (decimal 330)
   defining Unicode char U+014B (decimal 331)
   defining Unicode char U+014C (decimal 332)
   defining Unicode char U+014D (decimal 333)
   defining Unicode char U+014E (decimal 334)
   defining Unicode char U+014F (decimal 335)
   defining Unicode char U+0150 (decimal 336)
   defining Unicode char U+0151 (decimal 337)
   defining Unicode char U+0152 (decimal 338)
   defining Unicode char U+0153 (decimal 339)
   defining Unicode char U+0154 (decimal 340)
   defining Unicode char U+0155 (decimal 341)
   defining Unicode char U+0156 (decimal 342)
   defining Unicode char U+0157 (decimal 343)
   defining Unicode char U+0158 (decimal 344)
   defining Unicode char U+0159 (decimal 345)
   defining Unicode char U+015A (decimal 346)
   defining Unicode char U+015B (decimal 347)
   defining Unicode char U+015C (decimal 348)
   defining Unicode char U+015D (decimal 349)
   defining Unicode char U+015E (decimal 350)
   defining Unicode char U+015F (decimal 351)
   defining Unicode char U+0160 (decimal 352)
   defining Unicode char U+0161 (decimal 353)
   defining Unicode char U+0162 (decimal 354)
   defining Unicode char U+0163 (decimal 355)
   defining Unicode char U+0164 (decimal 356)
   defining Unicode char U+0165 (decimal 357)
   defining Unicode char U+0168 (decimal 360)
   defining Unicode char U+0169 (decimal 361)
   defining Unicode char U+016A (decimal 362)
   defining Unicode char U+016B (decimal 363)
   defining Unicode char U+016C (decimal 364)
   defining Unicode char U+016D (decimal 365)
   defining Unicode char U+016E (decimal 366)
   defining Unicode char U+016F (decimal 367)
   defining Unicode char U+0170 (decimal 368)
   defining Unicode char U+0171 (decimal 369)
   defining Unicode char U+0172 (decimal 370)
   defining Unicode char U+0173 (decimal 371)
   defining Unicode char U+0174 (decimal 372)
   defining Unicode char U+0175 (decimal 373)
   defining Unicode char U+0176 (decimal 374)
   defining Unicode char U+0177 (decimal 375)
   defining Unicode char U+0178 (decimal 376)
   defining Unicode char U+0179 (decimal 377)
   defining Unicode char U+017A (decimal 378)
   defining Unicode char U+017B (decimal 379)
   defining Unicode char U+017C (decimal 380)
   defining Unicode char U+017D (decimal 381)
   defining Unicode char U+017E (decimal 382)
   defining Unicode char U+01CD (decimal 461)
   defining Unicode char U+01CE (decimal 462)
   defining Unicode char U+01CF (decimal 463)
   defining Unicode char U+01D0 (decimal 464)
   defining Unicode char U+01D1 (decimal 465)
   defining Unicode char U+01D2 (decimal 466)
   defining Unicode char U+01D3 (decimal 467)
   defining Unicode char U+01D4 (decimal 468)
   defining Unicode char U+01E2 (decimal 482)
   defining Unicode char U+01E3 (decimal 483)
   defining Unicode char U+01E6 (decimal 486)
   defining Unicode char U+01E7 (decimal 487)
   defining Unicode char U+01E8 (decimal 488)
   defining Unicode char U+01E9 (decimal 489)
   defining Unicode char U+01EA (decimal 490)
   defining Unicode char U+01EB (decimal 491)
   defining Unicode char U+01F0 (decimal 496)
   defining Unicode char U+01F4 (decimal 500)
   defining Unicode char U+01F5 (decimal 501)
   defining Unicode char U+0218 (decimal 536)
   defining Unicode char U+0219 (decimal 537)
   defining Unicode char U+021A (decimal 538)
   defining Unicode char U+021B (decimal 539)
   defining Unicode char U+0232 (decimal 562)
   defining Unicode char U+0233 (decimal 563)
   defining Unicode char U+1E02 (decimal 7682)
   defining Unicode char U+1E03 (decimal 7683)
   defining Unicode char U+200C (decimal 8204)
   defining Unicode char U+2010 (decimal 8208)
   defining Unicode char U+2011 (decimal 8209)
   defining Unicode char U+2012 (decimal 8210)
   defining Unicode char U+2013 (decimal 8211)
   defining Unicode char U+2014 (decimal 8212)
   defining Unicode char U+2015 (decimal 8213)
   defining Unicode char U+2018 (decimal 8216)
   defining Unicode char U+2019 (decimal 8217)
   defining Unicode char U+201A (decimal 8218)
   defining Unicode char U+201C (decimal 8220)
   defining Unicode char U+201D (decimal 8221)
   defining Unicode char U+201E (decimal 8222)
   defining Unicode char U+2030 (decimal 8240)
   defining Unicode char U+2031 (decimal 8241)
   defining Unicode char U+2039 (decimal 8249)
   defining Unicode char U+203A (decimal 8250)
   defining Unicode char U+2423 (decimal 9251)
   defining Unicode char U+1E20 (decimal 7712)
   defining Unicode char U+1E21 (decimal 7713)
)
Now handling font encoding OT1 ...
... processing UTF-8 mapping file for font encoding OT1
(/usr/local/texlive/2017/texmf-dist/tex/latex/base/ot1enc.dfu
File: ot1enc.dfu 2017/01/28 v1.1t UTF-8 support for inputenc
   defining Unicode char U+00A0 (decimal 160)
   defining Unicode char U+00A1 (decimal 161)
   defining Unicode char U+00A3 (decimal 163)
   defining Unicode char U+00AD (decimal 173)
   defining Unicode char U+00B8 (decimal 184)
   defining Unicode char U+00BF (decimal 191)
   defining Unicode char U+00C5 (decimal 197)
   defining Unicode char U+00C6 (decimal 198)
   defining Unicode char U+00D8 (decimal 216)
   defining Unicode char U+00DF (decimal 223)
   defining Unicode char U+00E6 (decimal 230)
   defining Unicode char U+00EC (decimal 236)
   defining Unicode char U+00ED (decimal 237)
   defining Unicode char U+00EE (decimal 238)
   defining Unicode char U+00EF (decimal 239)
   defining Unicode char U+00F8 (decimal 248)
   defining Unicode char U+0131 (decimal 305)
   defining Unicode char U+0141 (decimal 321)
   defining Unicode char U+0142 (decimal 322)
   defining Unicode char U+0152 (decimal 338)
   defining Unicode char U+0153 (decimal 339)
   defining Unicode char U+0174 (decimal 372)
   defining Unicode char U+0175 (decimal 373)
   defining Unicode char U+0176 (decimal 374)
   defining Unicode char U+0177 (decimal 375)
   defining Unicode char U+0218 (decimal 536)
   defining Unicode char U+0219 (decimal 537)
   defining Unicode char U+021A (decimal 538)
   defining Unicode char U+021B (decimal 539)
   defining Unicode char U+2013 (decimal 8211)
   defining Unicode char U+2014 (decimal 8212)
   defining Unicode char U+2018 (decimal 8216)
   defining Unicode char U+2019 (decimal 8217)
   defining Unicode char U+201C (decimal 8220)
   defining Unicode char U+201D (decimal 8221)
)
Now handling font encoding OMS ...
... processing UTF-8 mapping file for font encoding OMS
(/usr/local/texlive/2017/texmf-dist/tex/latex/base/omsenc.dfu
File: omsenc.dfu 2017/01/28 v1.1t UTF-8 support for inputenc
   defining Unicode char U+00A7 (decimal 167)
   defining Unicode char U+00B6 (decimal 182)
   defining Unicode char U+00B7 (decimal 183)
   defining Unicode char U+2020 (decimal 8224)
   defining Unicode char U+2021 (decimal 8225)
   defining Unicode char U+2022 (decimal 8226)
)
Now handling font encoding OMX ...
... no UTF-8 mapping file for font encoding OMX
Now handling font encoding U ...
... no UTF-8 mapping file for font encoding U
   defining Unicode char U+00A9 (decimal 169)
   defining Unicode char U+00AA (decimal 170)
   defining Unicode char U+00AE (decimal 174)
   defining Unicode char U+00BA (decimal 186)
   defining Unicode char U+02C6 (decimal 710)
   defining Unicode char U+02DC (decimal 732)
   defining Unicode char U+200C (decimal 8204)
   defining Unicode char U+2026 (decimal 8230)
   defining Unicode char U+2122 (decimal 8482)
   defining Unicode char U+2423 (decimal 9251)
)) (/usr/local/texlive/2017/texmf-dist/tex/latex/upquote/upquote.sty
Package: upquote 2012/04/19 v1.3 upright-quote and grave-accent glyphs in verba
tim
(/usr/local/texlive/2017/texmf-dist/tex/latex/base/textcomp.sty
Package: textcomp 2017/04/05 v2.0i Standard LaTeX package
Package textcomp Info: Sub-encoding information:
(textcomp)               5 = only ISO-Adobe without \textcurrency
(textcomp)               4 = 5 + \texteuro
(textcomp)               3 = 4 + \textohm
(textcomp)               2 = 3 + \textestimated + \textcurrency
(textcomp)               1 = TS1 - \textcircled - \t
(textcomp)               0 = TS1 (full)
(textcomp)             Font families with sub-encoding setting implement
(textcomp)             only a restricted character set as indicated.
(textcomp)             Family '?' is the default used for unknown fonts.
(textcomp)             See the documentation for details.
Package textcomp Info: Setting ? sub-encoding to TS1/1 on input line 79.
(/usr/local/texlive/2017/texmf-dist/tex/latex/base/ts1enc.def
File: ts1enc.def 2001/06/05 v3.0e (jk/car/fm) Standard LaTeX file
Now handling font encoding TS1 ...
... processing UTF-8 mapping file for font encoding TS1
(/usr/local/texlive/2017/texmf-dist/tex/latex/base/ts1enc.dfu
File: ts1enc.dfu 2017/01/28 v1.1t UTF-8 support for inputenc
   defining Unicode char U+00A2 (decimal 162)
   defining Unicode char U+00A3 (decimal 163)
   defining Unicode char U+00A4 (decimal 164)
   defining Unicode char U+00A5 (decimal 165)
   defining Unicode char U+00A6 (decimal 166)
   defining Unicode char U+00A7 (decimal 167)
   defining Unicode char U+00A8 (decimal 168)
   defining Unicode char U+00A9 (decimal 169)
   defining Unicode char U+00AA (decimal 170)
   defining Unicode char U+00AC (decimal 172)
   defining Unicode char U+00AE (decimal 174)
   defining Unicode char U+00AF (decimal 175)
   defining Unicode char U+00B0 (decimal 176)
   defining Unicode char U+00B1 (decimal 177)
   defining Unicode char U+00B2 (decimal 178)
   defining Unicode char U+00B3 (decimal 179)
   defining Unicode char U+00B4 (decimal 180)
   defining Unicode char U+00B5 (decimal 181)
   defining Unicode char U+00B6 (decimal 182)
   defining Unicode char U+00B7 (decimal 183)
   defining Unicode char U+00B9 (decimal 185)
   defining Unicode char U+00BA (decimal 186)
   defining Unicode char U+00BC (decimal 188)
   defining Unicode char U+00BD (decimal 189)
   defining Unicode char U+00BE (decimal 190)
   defining Unicode char U+00D7 (decimal 215)
   defining Unicode char U+00F7 (decimal 247)
   defining Unicode char U+0192 (decimal 402)
   defining Unicode char U+02C7 (decimal 711)
   defining Unicode char U+02D8 (decimal 728)
   defining Unicode char U+02DD (decimal 733)
   defining Unicode char U+0E3F (decimal 3647)
   defining Unicode char U+2016 (decimal 8214)
   defining Unicode char U+2020 (decimal 8224)
   defining Unicode char U+2021 (decimal 8225)
   defining Unicode char U+2022 (decimal 8226)
   defining Unicode char U+2030 (decimal 8240)
   defining Unicode char U+2031 (decimal 8241)
   defining Unicode char U+203B (decimal 8251)
   defining Unicode char U+203D (decimal 8253)
   defining Unicode char U+2044 (decimal 8260)
   defining Unicode char U+204E (decimal 8270)
   defining Unicode char U+2052 (decimal 8274)
   defining Unicode char U+20A1 (decimal 8353)
   defining Unicode char U+20A4 (decimal 8356)
   defining Unicode char U+20A6 (decimal 8358)
   defining Unicode char U+20A9 (decimal 8361)
   defining Unicode char U+20AB (decimal 8363)
   defining Unicode char U+20AC (decimal 8364)
   defining Unicode char U+20B1 (decimal 8369)
   defining Unicode char U+2103 (decimal 8451)
   defining Unicode char U+2116 (decimal 8470)
   defining Unicode char U+2117 (decimal 8471)
   defining Unicode char U+211E (decimal 8478)
   defining Unicode char U+2120 (decimal 8480)
   defining Unicode char U+2122 (decimal 8482)
   defining Unicode char U+2126 (decimal 8486)
   defining Unicode char U+2127 (decimal 8487)
   defining Unicode char U+212E (decimal 8494)
   defining Unicode char U+2190 (decimal 8592)
   defining Unicode char U+2191 (decimal 8593)
   defining Unicode char U+2192 (decimal 8594)
   defining Unicode char U+2193 (decimal 8595)
   defining Unicode char U+2329 (decimal 9001)
   defining Unicode char U+232A (decimal 9002)
   defining Unicode char U+2422 (decimal 9250)
   defining Unicode char U+25E6 (decimal 9702)
   defining Unicode char U+25EF (decimal 9711)
   defining Unicode char U+266A (decimal 9834)
))
LaTeX Info: Redefining \oldstylenums on input line 334.
Package textcomp Info: Setting cmr sub-encoding to TS1/0 on input line 349.
Package textcomp Info: Setting cmss sub-encoding to TS1/0 on input line 350.
Package textcomp Info: Setting cmtt sub-encoding to TS1/0 on input line 351.
Package textcomp Info: Setting cmvtt sub-encoding to TS1/0 on input line 352.
Package textcomp Info: Setting cmbr sub-encoding to TS1/0 on input line 353.
Package textcomp Info: Setting cmtl sub-encoding to TS1/0 on input line 354.
Package textcomp Info: Setting ccr sub-encoding to TS1/0 on input line 355.
Package textcomp Info: Setting ptm sub-encoding to TS1/4 on input line 356.
Package textcomp Info: Setting pcr sub-encoding to TS1/4 on input line 357.
Package textcomp Info: Setting phv sub-encoding to TS1/4 on input line 358.
Package textcomp Info: Setting ppl sub-encoding to TS1/3 on input line 359.
Package textcomp Info: Setting pag sub-encoding to TS1/4 on input line 360.
Package textcomp Info: Setting pbk sub-encoding to TS1/4 on input line 361.
Package textcomp Info: Setting pnc sub-encoding to TS1/4 on input line 362.
Package textcomp Info: Setting pzc sub-encoding to TS1/4 on input line 363.
Package textcomp Info: Setting bch sub-encoding to TS1/4 on input line 364.
Package textcomp Info: Setting put sub-encoding to TS1/5 on input line 365.
Package textcomp Info: Setting uag sub-encoding to TS1/5 on input line 366.
Package textcomp Info: Setting ugq sub-encoding to TS1/5 on input line 367.
Package textcomp Info: Setting ul8 sub-encoding to TS1/4 on input line 368.
Package textcomp Info: Setting ul9 sub-encoding to TS1/4 on input line 369.
Package textcomp Info: Setting augie sub-encoding to TS1/5 on input line 370.
Package textcomp Info: Setting dayrom sub-encoding to TS1/3 on input line 371.
Package textcomp Info: Setting dayroms sub-encoding to TS1/3 on input line 372.

Package textcomp Info: Setting pxr sub-encoding to TS1/0 on input line 373.
Package textcomp Info: Setting pxss sub-encoding to TS1/0 on input line 374.
Package textcomp Info: Setting pxtt sub-encoding to TS1/0 on input line 375.
Package textcomp Info: Setting txr sub-encoding to TS1/0 on input line 376.
Package textcomp Info: Setting txss sub-encoding to TS1/0 on input line 377.
Package textcomp Info: Setting txtt sub-encoding to TS1/0 on input line 378.
Package textcomp Info: Setting lmr sub-encoding to TS1/0 on input line 379.
Package textcomp Info: Setting lmdh sub-encoding to TS1/0 on input line 380.
Package textcomp Info: Setting lmss sub-encoding to TS1/0 on input line 381.
Package textcomp Info: Setting lmssq sub-encoding to TS1/0 on input line 382.
Package textcomp Info: Setting lmvtt sub-encoding to TS1/0 on input line 383.
Package textcomp Info: Setting lmtt sub-encoding to TS1/0 on input line 384.
Package textcomp Info: Setting qhv sub-encoding to TS1/0 on input line 385.
Package textcomp Info: Setting qag sub-encoding to TS1/0 on input line 386.
Package textcomp Info: Setting qbk sub-encoding to TS1/0 on input line 387.
Package textcomp Info: Setting qcr sub-encoding to TS1/0 on input line 388.
Package textcomp Info: Setting qcs sub-encoding to TS1/0 on input line 389.
Package textcomp Info: Setting qpl sub-encoding to TS1/0 on input line 390.
Package textcomp Info: Setting qtm sub-encoding to TS1/0 on input line 391.
Package textcomp Info: Setting qzc sub-encoding to TS1/0 on input line 392.
Package textcomp Info: Setting qhvc sub-encoding to TS1/0 on input line 393.
Package textcomp Info: Setting futs sub-encoding to TS1/4 on input line 394.
Package textcomp Info: Setting futx sub-encoding to TS1/4 on input line 395.
Package textcomp Info: Setting futj sub-encoding to TS1/4 on input line 396.
Package textcomp Info: Setting hlh sub-encoding to TS1/3 on input line 397.
Package textcomp Info: Setting hls sub-encoding to TS1/3 on input line 398.
Package textcomp Info: Setting hlst sub-encoding to TS1/3 on input line 399.
Package textcomp Info: Setting hlct sub-encoding to TS1/5 on input line 400.
Package textcomp Info: Setting hlx sub-encoding to TS1/5 on input line 401.
Package textcomp Info: Setting hlce sub-encoding to TS1/5 on input line 402.
Package textcomp Info: Setting hlcn sub-encoding to TS1/5 on input line 403.
Package textcomp Info: Setting hlcw sub-encoding to TS1/5 on input line 404.
Package textcomp Info: Setting hlcf sub-encoding to TS1/5 on input line 405.
Package textcomp Info: Setting pplx sub-encoding to TS1/3 on input line 406.
Package textcomp Info: Setting pplj sub-encoding to TS1/3 on input line 407.
Package textcomp Info: Setting ptmx sub-encoding to TS1/4 on input line 408.
Package textcomp Info: Setting ptmj sub-encoding to TS1/4 on input line 409.
)) (/usr/local/texlive/2017/texmf-dist/tex/latex/microtype/microtype.sty
Package: microtype 2017/07/07 v2.7 Micro-typographical refinements (RS)
(/usr/local/texlive/2017/texmf-dist/tex/latex/graphics/keyval.sty
Package: keyval 2014/10/28 v1.15 key=value parser (DPC)
\KV@toks@=\toks22
)
\MT@toks=\toks23
\MT@count=\count99
LaTeX Info: Redefining \textls on input line 789.
\MT@outer@kern=\dimen112
LaTeX Info: Redefining \textmicrotypecontext on input line 1334.
\MT@listname@count=\count100
(/usr/local/texlive/2017/texmf-dist/tex/latex/microtype/microtype-pdftex.def
File: microtype-pdftex.def 2017/07/07 v2.7 Definitions specific to pdftex (RS)
LaTeX Info: Redefining \lsstyle on input line 912.
LaTeX Info: Redefining \lslig on input line 912.
\MT@outer@space=\skip46
)
Package microtype Info: Loading configuration file microtype.cfg.
(/usr/local/texlive/2017/texmf-dist/tex/latex/microtype/microtype.cfg
File: microtype.cfg 2017/07/07 v2.7 microtype main configuration file (RS)
)) (/usr/local/texlive/2017/texmf-dist/tex/latex/geometry/geometry.sty
Package: geometry 2010/09/12 v5.6 Page Geometry
(/usr/local/texlive/2017/texmf-dist/tex/generic/oberdiek/ifpdf.sty
Package: ifpdf 2017/03/15 v3.2 Provides the ifpdf switch
) (/usr/local/texlive/2017/texmf-dist/tex/generic/oberdiek/ifvtex.sty
Package: ifvtex 2016/05/16 v1.6 Detect VTeX and its facilities (HO)
Package ifvtex Info: VTeX not detected.
)
\Gm@cnth=\count101
\Gm@cntv=\count102
\c@Gm@tempcnt=\count103
\Gm@bindingoffset=\dimen113
\Gm@wd@mp=\dimen114
\Gm@odd@mp=\dimen115
\Gm@even@mp=\dimen116
\Gm@layoutwidth=\dimen117
\Gm@layoutheight=\dimen118
\Gm@layouthoffset=\dimen119
\Gm@layoutvoffset=\dimen120
\Gm@dimlist=\toks24
) (/usr/local/texlive/2017/texmf-dist/tex/latex/hyperref/hyperref.sty
Package: hyperref 2017/03/14 v6.85a Hypertext links for LaTeX
(/usr/local/texlive/2017/texmf-dist/tex/generic/oberdiek/hobsub-hyperref.sty
Package: hobsub-hyperref 2016/05/16 v1.14 Bundle oberdiek, subset hyperref (HO)

(/usr/local/texlive/2017/texmf-dist/tex/generic/oberdiek/hobsub-generic.sty
Package: hobsub-generic 2016/05/16 v1.14 Bundle oberdiek, subset generic (HO)
Package: hobsub 2016/05/16 v1.14 Construct package bundles (HO)
Package: infwarerr 2016/05/16 v1.4 Providing info/warning/error messages (HO)
Package: ltxcmds 2016/05/16 v1.23 LaTeX kernel commands for general use (HO)
Package hobsub Info: Skipping package `ifluatex' (already loaded).
Package hobsub Info: Skipping package `ifvtex' (already loaded).
Package: intcalc 2016/05/16 v1.2 Expandable calculations with integers (HO)
Package hobsub Info: Skipping package `ifpdf' (already loaded).
Package: etexcmds 2016/05/16 v1.6 Avoid name clashes with e-TeX commands (HO)
Package etexcmds Info: Could not find \expanded.
(etexcmds)             That can mean that you are not using pdfTeX 1.50 or
(etexcmds)             that some package has redefined \expanded.
(etexcmds)             In the latter case, load this package earlier.
Package: kvsetkeys 2016/05/16 v1.17 Key value parser (HO)
Package: kvdefinekeys 2016/05/16 v1.4 Define keys (HO)
Package: pdftexcmds 2017/03/19 v0.25 Utility functions of pdfTeX for LuaTeX (HO
)
Package pdftexcmds Info: LuaTeX not detected.
Package pdftexcmds Info: \pdf@primitive is available.
Package pdftexcmds Info: \pdf@ifprimitive is available.
Package pdftexcmds Info: \pdfdraftmode found.
Package: pdfescape 2016/05/16 v1.14 Implements pdfTeX's escape features (HO)
Package: bigintcalc 2016/05/16 v1.4 Expandable calculations on big integers (HO
)
Package: bitset 2016/05/16 v1.2 Handle bit-vector datatype (HO)
Package: uniquecounter 2016/05/16 v1.3 Provide unlimited unique counter (HO)
)
Package hobsub Info: Skipping package `hobsub' (already loaded).
Package: letltxmacro 2016/05/16 v1.5 Let assignment for LaTeX macros (HO)
Package: hopatch 2016/05/16 v1.3 Wrapper for package hooks (HO)
Package: xcolor-patch 2016/05/16 xcolor patch
Package: atveryend 2016/05/16 v1.9 Hooks at the very end of document (HO)
Package atveryend Info: \enddocument detected (standard20110627).
Package: atbegshi 2016/06/09 v1.18 At begin shipout hook (HO)
Package: refcount 2016/05/16 v3.5 Data extraction from label references (HO)
Package: hycolor 2016/05/16 v1.8 Color options for hyperref/bookmark (HO)
) (/usr/local/texlive/2017/texmf-dist/tex/latex/oberdiek/auxhook.sty
Package: auxhook 2016/05/16 v1.4 Hooks for auxiliary files (HO)
) (/usr/local/texlive/2017/texmf-dist/tex/latex/oberdiek/kvoptions.sty
Package: kvoptions 2016/05/16 v3.12 Key value format for package options (HO)
)
\@linkdim=\dimen121
\Hy@linkcounter=\count104
\Hy@pagecounter=\count105
(/usr/local/texlive/2017/texmf-dist/tex/latex/hyperref/pd1enc.def
File: pd1enc.def 2017/03/14 v6.85a Hyperref: PDFDocEncoding definition (HO)
Now handling font encoding PD1 ...
... no UTF-8 mapping file for font encoding PD1
)
\Hy@SavedSpaceFactor=\count106
(/usr/local/texlive/2017/texmf-dist/tex/latex/latexconfig/hyperref.cfg
File: hyperref.cfg 2002/06/06 v1.2 hyperref configuration of TeXLive
)
Package hyperref Info: Hyper figures OFF on input line 4498.
Package hyperref Info: Link nesting OFF on input line 4503.
Package hyperref Info: Hyper index ON on input line 4506.
Package hyperref Info: Plain pages OFF on input line 4513.
Package hyperref Info: Backreferencing OFF on input line 4518.
Package hyperref Info: Implicit mode ON; LaTeX internals redefined.
Package hyperref Info: Bookmarks ON on input line 4751.
\c@Hy@tempcnt=\count107
(/usr/local/texlive/2017/texmf-dist/tex/latex/url/url.sty
\Urlmuskip=\muskip11
Package: url 2013/09/16  ver 3.4  Verb mode for urls, etc.
)
LaTeX Info: Redefining \url on input line 5104.
\XeTeXLinkMargin=\dimen122
\Fld@menulength=\count108
\Field@Width=\dimen123
\Fld@charsize=\dimen124
Package hyperref Info: Hyper figures OFF on input line 6358.
Package hyperref Info: Link nesting OFF on input line 6363.
Package hyperref Info: Hyper index ON on input line 6366.
Package hyperref Info: backreferencing OFF on input line 6373.
Package hyperref Info: Link coloring OFF on input line 6378.
Package hyperref Info: Link coloring with OCG OFF on input line 6383.
Package hyperref Info: PDF/A mode OFF on input line 6388.
LaTeX Info: Redefining \ref on input line 6428.
LaTeX Info: Redefining \pageref on input line 6432.
\Hy@abspage=\count109
\c@Item=\count110
\c@Hfootnote=\count111
)

Package hyperref Message: Driver (autodetected): hpdftex.

(/usr/local/texlive/2017/texmf-dist/tex/latex/hyperref/hpdftex.def
File: hpdftex.def 2017/03/14 v6.85a Hyperref driver for pdfTeX
\Fld@listcount=\count112
\c@bookmark@seq@number=\count113
(/usr/local/texlive/2017/texmf-dist/tex/latex/oberdiek/rerunfilecheck.sty
Package: rerunfilecheck 2016/05/16 v1.8 Rerun checks for auxiliary files (HO)
Package uniquecounter Info: New unique counter `rerunfilecheck' on input line 2
82.
)
\Hy@SectionHShift=\skip47
)
Package hyperref Info: Option `unicode' set `true' on input line 30.
(/usr/local/texlive/2017/texmf-dist/tex/latex/hyperref/puenc.def
File: puenc.def 2017/03/14 v6.85a Hyperref: PDF Unicode definition (HO)
Now handling font encoding PU ...
... no UTF-8 mapping file for font encoding PU
)
Package hyperref Info: Option `breaklinks' set `true' on input line 30.
(/usr/local/texlive/2017/texmf-dist/tex/latex/tools/longtable.sty
Package: longtable 2014/10/28 v4.11 Multi-page Table package (DPC)
\LTleft=\skip48
\LTright=\skip49
\LTpre=\skip50
\LTpost=\skip51
\LTchunksize=\count114
\LTcapwidth=\dimen125
\LT@head=\box28
\LT@firsthead=\box29
\LT@foot=\box30
\LT@lastfoot=\box31
\LT@cols=\count115
\LT@rows=\count116
\c@LT@tables=\count117
\c@LT@chunks=\count118
\LT@p@ftn=\toks25
) (/usr/local/texlive/2017/texmf-dist/tex/latex/booktabs/booktabs.sty
Package: booktabs 2016/04/27 v1.618033 publication quality tables
\heavyrulewidth=\dimen126
\lightrulewidth=\dimen127
\cmidrulewidth=\dimen128
\belowrulesep=\dimen129
\belowbottomsep=\dimen130
\aboverulesep=\dimen131
\abovetopsep=\dimen132
\cmidrulesep=\dimen133
\cmidrulekern=\dimen134
\defaultaddspace=\dimen135
\@cmidla=\count119
\@cmidlb=\count120
\@aboverulesep=\dimen136
\@belowrulesep=\dimen137
\@thisruleclass=\count121
\@lastruleclass=\count122
\@thisrulewidth=\dimen138
) (/usr/local/texlive/2017/texmf-dist/tex/latex/graphics/graphicx.sty
Package: graphicx 2017/06/01 v1.1a Enhanced LaTeX Graphics (DPC,SPQR)
(/usr/local/texlive/2017/texmf-dist/tex/latex/graphics/graphics.sty
Package: graphics 2017/06/25 v1.2c Standard LaTeX Graphics (DPC,SPQR)
(/usr/local/texlive/2017/texmf-dist/tex/latex/graphics/trig.sty
Package: trig 2016/01/03 v1.10 sin cos tan (DPC)
) (/usr/local/texlive/2017/texmf-dist/tex/latex/graphics-cfg/graphics.cfg
File: graphics.cfg 2016/06/04 v1.11 sample graphics configuration
)
Package graphics Info: Driver file: pdftex.def on input line 99.
(/usr/local/texlive/2017/texmf-dist/tex/latex/graphics-def/pdftex.def
File: pdftex.def 2017/12/07 v1.0i Graphics/color driver for pdftex
))
\Gin@req@height=\dimen139
\Gin@req@width=\dimen140
) (/usr/local/texlive/2017/texmf-dist/tex/latex/oberdiek/grffile.sty
Package: grffile 2016/05/16 v1.17 Extended file name support for graphics (HO)
Package grffile Info: Option `multidot' is set to `true'.
Package grffile Info: Option `extendedchars' is set to `false'.
Package grffile Info: Option `space' is set to `true'.
Package grffile Info: \Gin@ii of package `graphicx' fixed on input line 486.
) (/usr/local/texlive/2017/texmf-dist/tex/latex/parskip/parskip.sty
Package: parskip 2001/04/09 non-zero parskip adjustments
) (/usr/local/texlive/2017/texmf-dist/tex/latex/titling/titling.sty
Package: titling 2009/09/04 v2.1d maketitle typesetting
\thanksmarkwidth=\skip52
\thanksmargin=\skip53
\droptitle=\skip54
) (./dataQuality.aux)
\openout1 = `dataQuality.aux'.

LaTeX Font Info:    Checking defaults for OML/cmm/m/it on input line 89.
LaTeX Font Info:    ... okay on input line 89.
LaTeX Font Info:    Checking defaults for T1/cmr/m/n on input line 89.
LaTeX Font Info:    ... okay on input line 89.
LaTeX Font Info:    Checking defaults for OT1/cmr/m/n on input line 89.
LaTeX Font Info:    ... okay on input line 89.
LaTeX Font Info:    Checking defaults for OMS/cmsy/m/n on input line 89.
LaTeX Font Info:    ... okay on input line 89.
LaTeX Font Info:    Checking defaults for OMX/cmex/m/n on input line 89.
LaTeX Font Info:    ... okay on input line 89.
LaTeX Font Info:    Checking defaults for U/cmr/m/n on input line 89.
LaTeX Font Info:    ... okay on input line 89.
LaTeX Font Info:    Checking defaults for TS1/cmr/m/n on input line 89.
LaTeX Font Info:    Try loading font information for TS1+cmr on input line 89.
(/usr/local/texlive/2017/texmf-dist/tex/latex/base/ts1cmr.fd
File: ts1cmr.fd 2014/09/29 v2.5h Standard LaTeX font definitions
)
LaTeX Font Info:    ... okay on input line 89.
LaTeX Font Info:    Checking defaults for PD1/pdf/m/n on input line 89.
LaTeX Font Info:    ... okay on input line 89.
LaTeX Font Info:    Checking defaults for PU/pdf/m/n on input line 89.
LaTeX Font Info:    ... okay on input line 89.
LaTeX Font Info:    Try loading font information for T1+lmr on input line 89.
(/usr/local/texlive/2017/texmf-dist/tex/latex/lm/t1lmr.fd
File: t1lmr.fd 2009/10/30 v1.6 Font defs for Latin Modern
)
LaTeX Info: Redefining \microtypecontext on input line 89.
Package microtype Info: Generating PDF output.
Package microtype Info: Character protrusion enabled (level 2).
Package microtype Info: Using protrusion set `basicmath'.
Package microtype Info: Automatic font expansion enabled (level 2),
(microtype)             stretch: 20, shrink: 20, step: 1, non-selected.
Package microtype Info: Using default expansion set `basictext'.
Package microtype Info: No adjustment of tracking.
Package microtype Info: No adjustment of interword spacing.
Package microtype Info: No adjustment of character kerning.
(/usr/local/texlive/2017/texmf-dist/tex/latex/microtype/mt-cmr.cfg
File: mt-cmr.cfg 2013/05/19 v2.2 microtype config. file: Computer Modern Roman 
(RS)
)
*geometry* driver: auto-detecting
*geometry* detected driver: pdftex
*geometry* verbose mode - [ preamble ] result:
* driver: pdftex
* paper: <default>
* layout: <same size as paper>
* layoutoffset:(h,v)=(0.0pt,0.0pt)
* modes: 
* h-part:(L,W,R)=(72.26999pt, 469.75502pt, 72.26999pt)
* v-part:(T,H,B)=(72.26999pt, 650.43001pt, 72.26999pt)
* \paperwidth=614.295pt
* \paperheight=794.96999pt
* \textwidth=469.75502pt
* \textheight=650.43001pt
* \oddsidemargin=0.0pt
* \evensidemargin=0.0pt
* \topmargin=-37.0pt
* \headheight=12.0pt
* \headsep=25.0pt
* \topskip=10.0pt
* \footskip=30.0pt
* \marginparwidth=65.0pt
* \marginparsep=11.0pt
* \columnsep=10.0pt
* \skip\footins=9.0pt plus 4.0pt minus 2.0pt
* \hoffset=0.0pt
* \voffset=0.0pt
* \mag=1000
* \@twocolumnfalse
* \@twosidefalse
* \@mparswitchfalse
* \@reversemarginfalse
* (1in=72.27pt=25.4mm, 1cm=28.453pt)

\AtBeginShipoutBox=\box32
Package hyperref Info: Link coloring OFF on input line 89.
(/usr/local/texlive/2017/texmf-dist/tex/latex/hyperref/nameref.sty
Package: nameref 2016/05/21 v2.44 Cross-referencing by name of section
(/usr/local/texlive/2017/texmf-dist/tex/generic/oberdiek/gettitlestring.sty
Package: gettitlestring 2016/05/16 v1.5 Cleanup title references (HO)
)
\c@section@level=\count123
)
LaTeX Info: Redefining \ref on input line 89.
LaTeX Info: Redefining \pageref on input line 89.
LaTeX Info: Redefining \nameref on input line 89.
(./dataQuality.out) (./dataQuality.out)
\@outlinefile=\write3
\openout3 = `dataQuality.out'.

(/usr/local/texlive/2017/texmf-dist/tex/context/base/mkii/supp-pdf.mkii
[Loading MPS to PDF converter (version 2006.09.02).]
\scratchcounter=\count124
\scratchdimen=\dimen141
\scratchbox=\box33
\nofMPsegments=\count125
\nofMParguments=\count126
\everyMPshowfont=\toks26
\MPscratchCnt=\count127
\MPscratchDim=\dimen142
\MPnumerator=\count128
\makeMPintoPDFobject=\count129
\everyMPtoPDFconversion=\toks27
) (/usr/local/texlive/2017/texmf-dist/tex/latex/oberdiek/epstopdf-base.sty
Package: epstopdf-base 2016/05/15 v2.6 Base part for package epstopdf
(/usr/local/texlive/2017/texmf-dist/tex/latex/oberdiek/grfext.sty
Package: grfext 2016/05/16 v1.2 Manage graphics extensions (HO)
)
Package epstopdf-base Info: Redefining graphics rule for `.eps' on input line 4
38.
Package grfext Info: Graphics extension search list:
(grfext)             [.pdf,.png,.jpg,.mps,.jpeg,.jbig2,.jb2,.PDF,.PNG,.JPG,.JPE
G,.JBIG2,.JB2,.eps]
(grfext)             \AppendGraphicsExtensions on input line 456.
(/usr/local/texlive/2017/texmf-dist/tex/latex/latexconfig/epstopdf-sys.cfg
File: epstopdf-sys.cfg 2010/07/13 v1.3 Configuration of (r)epstopdf for TeX Liv
e
))

LaTeX Warning: Citation `Malaspinas2014' on page 1 undefined on input line 112.


LaTeX Font Info:    Try loading font information for T1+lmtt on input line 118.

(/usr/local/texlive/2017/texmf-dist/tex/latex/lm/t1lmtt.fd
File: t1lmtt.fd 2009/10/30 v1.6 Font defs for Latin Modern
)
Overfull \hbox (4312.98108pt too wide) in paragraph at lines 120--120
[]\T1/lmtt/m/n/10 Twenty-four DNA extracts were prepared: one from petrous bone
, one from a piece of skull and twenty-two from teeth. Between 100 and 200 mg o
f sample material were pulverized, pre-digested and digested using established 
protocols for ancient DNA (\cite{Damgaard2015}). The DNA was then purified usin
g the method described by \cite{Allentoft2015}. Double-stranded DNA libraries w
ere built using Illumina-specific adaptors, and following \cite{Kircher2012} fo
r double indexing. The libraries were amplified, and the number of PCR cycles w
as determined by qPCR. The indexed and amplified libraries were purified and qu
antified on an Agilent 2200 TapeStation before being pooled in equimolar amount
s. The libraries were then sequenced (100 bp, single-end) on Illumina HiSeq2500
 platforms at the Danish National High-throughput Sequencing Centre (NHSC). Bas
e-calling was done using CASAVA (version 1.8.2) by the NHSC.[] 
 []


LaTeX Warning: Citation `Schubert2016' on page 1 undefined on input line 131.


LaTeX Warning: Citation `Li2009' on page 1 undefined on input line 133.


LaTeX Warning: Citation `Schubert2012' on page 1 undefined on input line 134.

LaTeX Font Info:    Try loading font information for OT1+lmr on input line 137.

(/usr/local/texlive/2017/texmf-dist/tex/latex/lm/ot1lmr.fd
File: ot1lmr.fd 2009/10/30 v1.6 Font defs for Latin Modern
)
LaTeX Font Info:    Try loading font information for OML+lmm on input line 137.

(/usr/local/texlive/2017/texmf-dist/tex/latex/lm/omllmm.fd
File: omllmm.fd 2009/10/30 v1.6 Font defs for Latin Modern
)
LaTeX Font Info:    Try loading font information for OMS+lmsy on input line 137
.
(/usr/local/texlive/2017/texmf-dist/tex/latex/lm/omslmsy.fd
File: omslmsy.fd 2009/10/30 v1.6 Font defs for Latin Modern
)
LaTeX Font Info:    Try loading font information for OMX+lmex on input line 137
.
(/usr/local/texlive/2017/texmf-dist/tex/latex/lm/omxlmex.fd
File: omxlmex.fd 2009/10/30 v1.6 Font defs for Latin Modern
)
LaTeX Font Info:    External font `lmex10' loaded for size
(Font)              <10> on input line 137.
LaTeX Font Info:    External font `lmex10' loaded for size
(Font)              <7> on input line 137.
LaTeX Font Info:    External font `lmex10' loaded for size
(Font)              <5> on input line 137.
LaTeX Font Info:    Try loading font information for U+msa on input line 137.
(/usr/local/texlive/2017/texmf-dist/tex/latex/amsfonts/umsa.fd
File: umsa.fd 2013/01/14 v3.01 AMS symbols A
) (/usr/local/texlive/2017/texmf-dist/tex/latex/microtype/mt-msa.cfg
File: mt-msa.cfg 2006/02/04 v1.1 microtype config. file: AMS symbols (a) (RS)
)
LaTeX Font Info:    Try loading font information for U+msb on input line 137.
(/usr/local/texlive/2017/texmf-dist/tex/latex/amsfonts/umsb.fd
File: umsb.fd 2013/01/14 v3.01 AMS symbols B
) (/usr/local/texlive/2017/texmf-dist/tex/latex/microtype/mt-msb.cfg
File: mt-msb.cfg 2005/06/01 v1.0 microtype config. file: AMS symbols (b) (RS)
)

LaTeX Warning: Citation `McKenna2010' on page 1 undefined on input line 139.


LaTeX Warning: Citation `jonsson2013' on page 1 undefined on input line 140.


Overfull \hbox (1540.98914pt too wide) in paragraph at lines 148--148
[]\T1/lmtt/m/n/10 We estimated contamination using a Bayesian statistical appro
ach on mitochondrial data (\cite{Fu2013}), comparing the consensus mitochondria
l genome of a sample to a database of 311 mitogenomes (\cite{Fu2013}). We obtai
ned a posterior probability for the authenticity of the data by drawing 100,000
 samples from the posterior distribution, and discarding the first 10,000 itera
tions.[] 
 []


Overfull \hbox (753.49142pt too wide) in paragraph at lines 160--160
[]\T1/lmtt/m/n/10 Molecular sex was determined by computing the ratio of reads 
mapping to the Y chromosome with respect to those mapping to the whole genome, 
and following the threshold established in (\cite{SKOGLUND_Ry}) to identify fem
ales or males.[] 
 []

LaTeX Font Info:    Try loading font information for TS1+lmtt on input line 160
.
(/usr/local/texlive/2017/texmf-dist/tex/latex/lm/ts1lmtt.fd
File: ts1lmtt.fd 2009/10/30 v1.6 Font defs for Latin Modern
)
Overfull \hbox (2601.48605pt too wide) in paragraph at lines 160--160
[]\T1/lmtt/m/n/10 To call Y-chromosome and mitochondrial haplogroups, we used A
NGSD version 0.921 (\cite{Korneliussen2014}) to generate the consensus sequence
 by  taking the most common base (minimum quality of 20) across the chromosome,
 and ignoring sites containing C and T or G and A. Y-chromosome haplogroup was 
called by querying the consensus sequence against the variants reported in the 
phase 3 of the 1000 Genomes Project (\cite{Poznik2016}). Mitochondrial haplogro
ups were obtained by uploading the consensus sequence in fasta format to James 
Lick\TS1/lmtt/m/n/10 '\T1/lmtt/m/n/10 s website (https://dna.jameslick.com/mtha
p/).[] 
 []


LaTeX Warning: Reference `table:samples' on page 1 undefined on input line 174.


[1

{/usr/local/texlive/2017/texmf-var/fonts/map/pdftex/updmap/pdftex.map}]

LaTeX Warning: Reference `fig:damage' on page 2 undefined on input line 192.


LaTeX Warning: Reference `table:samples' on page 2 undefined on input line 214.


<dataQuality_files/figure-latex/unnamed-chunk-5-1.pdf, id=139, 1076.02pt x 294.
09875pt>
File: dataQuality_files/figure-latex/unnamed-chunk-5-1.pdf Graphic file (type p
df)
<use dataQuality_files/figure-latex/unnamed-chunk-5-1.pdf>
Package pdftex.def Info: dataQuality_files/figure-latex/unnamed-chunk-5-1.pdf  
used on input line 235.
(pdftex.def)             Requested size: 469.75606pt x 128.39413pt.
[2]
<dataQuality_files/figure-latex/unnamed-chunk-7-1.pdf, id=148, 1076.02pt x 294.
09875pt>
File: dataQuality_files/figure-latex/unnamed-chunk-7-1.pdf Graphic file (type p
df)
<use dataQuality_files/figure-latex/unnamed-chunk-7-1.pdf>
Package pdftex.def Info: dataQuality_files/figure-latex/unnamed-chunk-7-1.pdf  
used on input line 241.
(pdftex.def)             Requested size: 469.75606pt x 128.39413pt.
<dataQuality_files/figure-latex/unnamed-chunk-8-1.pdf, id=149, 1105.12875pt x 2
94.09875pt>
File: dataQuality_files/figure-latex/unnamed-chunk-8-1.pdf Graphic file (type p
df)
<use dataQuality_files/figure-latex/unnamed-chunk-8-1.pdf>
Package pdftex.def Info: dataQuality_files/figure-latex/unnamed-chunk-8-1.pdf  
used on input line 243.
(pdftex.def)             Requested size: 469.74939pt x 125.0105pt.
<dataQuality_files/figure-latex/unnamed-chunk-11-1.pdf, id=150, 1053.9375pt x 2
94.09875pt>
File: dataQuality_files/figure-latex/unnamed-chunk-11-1.pdf Graphic file (type 
pdf)
<use dataQuality_files/figure-latex/unnamed-chunk-11-1.pdf>
Package pdftex.def Info: dataQuality_files/figure-latex/unnamed-chunk-11-1.pdf 
 used on input line 248.
(pdftex.def)             Requested size: 469.7646pt x 131.08669pt.
[3 <./dataQuality_files/figure-latex/unnamed-chunk-5-1.pdf> <./dataQuality_file
s/figure-latex/unnamed-chunk-7-1.pdf> <./dataQuality_files/figure-latex/unnamed
-chunk-8-1.pdf>]
<dataQuality_files/figure-latex/unnamed-chunk-12-1.pdf, id=187, 1053.9375pt x 2
94.09875pt>
File: dataQuality_files/figure-latex/unnamed-chunk-12-1.pdf Graphic file (type 
pdf)
<use dataQuality_files/figure-latex/unnamed-chunk-12-1.pdf>
Package pdftex.def Info: dataQuality_files/figure-latex/unnamed-chunk-12-1.pdf 
 used on input line 250.
(pdftex.def)             Requested size: 469.7646pt x 131.08669pt.
<dataQuality_files/figure-latex/unnamed-chunk-14-1.pdf, id=188, 1079.03125pt x 
294.09875pt>
File: dataQuality_files/figure-latex/unnamed-chunk-14-1.pdf Graphic file (type 
pdf)
<use dataQuality_files/figure-latex/unnamed-chunk-14-1.pdf>
Package pdftex.def Info: dataQuality_files/figure-latex/unnamed-chunk-14-1.pdf 
 used on input line 255.
(pdftex.def)             Requested size: 469.7535pt x 128.03513pt.
<dataQuality_files/figure-latex/unnamed-chunk-15-1.pdf, id=189, 1428.33624pt x 
285.065pt>
File: dataQuality_files/figure-latex/unnamed-chunk-15-1.pdf Graphic file (type 
pdf)
<use dataQuality_files/figure-latex/unnamed-chunk-15-1.pdf>
Package pdftex.def Info: dataQuality_files/figure-latex/unnamed-chunk-15-1.pdf 
 used on input line 257.
(pdftex.def)             Requested size: 469.76141pt x 93.7542pt.
<dataQuality_files/figure-latex/unnamed-chunk-15-2.pdf, id=190, 946.53625pt x 2
85.065pt>
File: dataQuality_files/figure-latex/unnamed-chunk-15-2.pdf Graphic file (type 
pdf)
<use dataQuality_files/figure-latex/unnamed-chunk-15-2.pdf>
Package pdftex.def Info: dataQuality_files/figure-latex/unnamed-chunk-15-2.pdf 
 used on input line 258.
(pdftex.def)             Requested size: 469.74289pt x 141.47081pt.
<dataQuality_files/figure-latex/unnamed-chunk-15-3.pdf, id=191, 946.53625pt x 2
87.0725pt>
File: dataQuality_files/figure-latex/unnamed-chunk-15-3.pdf Graphic file (type 
pdf)
<use dataQuality_files/figure-latex/unnamed-chunk-15-3.pdf>
Package pdftex.def Info: dataQuality_files/figure-latex/unnamed-chunk-15-3.pdf 
 used on input line 259.
(pdftex.def)             Requested size: 469.74289pt x 142.46707pt.
<dataQuality_files/figure-latex/unnamed-chunk-15-4.pdf, id=192, 464.73625pt x 2
85.065pt>
File: dataQuality_files/figure-latex/unnamed-chunk-15-4.pdf Graphic file (type 
pdf)
<use dataQuality_files/figure-latex/unnamed-chunk-15-4.pdf>
Package pdftex.def Info: dataQuality_files/figure-latex/unnamed-chunk-15-4.pdf 
 used on input line 260.
(pdftex.def)             Requested size: 464.7351pt x 285.0643pt.
<dataQuality_files/figure-latex/unnamed-chunk-15-5.pdf, id=193, 464.73625pt x 2
85.065pt>
File: dataQuality_files/figure-latex/unnamed-chunk-15-5.pdf Graphic file (type 
pdf)
<use dataQuality_files/figure-latex/unnamed-chunk-15-5.pdf>
Package pdftex.def Info: dataQuality_files/figure-latex/unnamed-chunk-15-5.pdf 
 used on input line 261.
(pdftex.def)             Requested size: 464.7351pt x 285.0643pt.
<dataQuality_files/figure-latex/unnamed-chunk-15-6.pdf, id=194, 946.53625pt x 2
85.065pt>
File: dataQuality_files/figure-latex/unnamed-chunk-15-6.pdf Graphic file (type 
pdf)
<use dataQuality_files/figure-latex/unnamed-chunk-15-6.pdf>
Package pdftex.def Info: dataQuality_files/figure-latex/unnamed-chunk-15-6.pdf 
 used on input line 262.
(pdftex.def)             Requested size: 469.74289pt x 141.47081pt.
<dataQuality_files/figure-latex/unnamed-chunk-15-7.pdf, id=195, 946.53625pt x 2
87.0725pt>
File: dataQuality_files/figure-latex/unnamed-chunk-15-7.pdf Graphic file (type 
pdf)
<use dataQuality_files/figure-latex/unnamed-chunk-15-7.pdf>
Package pdftex.def Info: dataQuality_files/figure-latex/unnamed-chunk-15-7.pdf 
 used on input line 263.
(pdftex.def)             Requested size: 469.74289pt x 142.46707pt.
<dataQuality_files/figure-latex/unnamed-chunk-15-8.pdf, id=196, 464.73625pt x 2
87.0725pt>
File: dataQuality_files/figure-latex/unnamed-chunk-15-8.pdf Graphic file (type 
pdf)
<use dataQuality_files/figure-latex/unnamed-chunk-15-8.pdf>
Package pdftex.def Info: dataQuality_files/figure-latex/unnamed-chunk-15-8.pdf 
 used on input line 264.
(pdftex.def)             Requested size: 464.74928pt x 287.08055pt.
<dataQuality_files/figure-latex/unnamed-chunk-15-9.pdf, id=197, 464.73625pt x 2
85.065pt>
File: dataQuality_files/figure-latex/unnamed-chunk-15-9.pdf Graphic file (type 
pdf)
<use dataQuality_files/figure-latex/unnamed-chunk-15-9.pdf>
Package pdftex.def Info: dataQuality_files/figure-latex/unnamed-chunk-15-9.pdf 
 used on input line 265.
(pdftex.def)             Requested size: 464.7351pt x 285.0643pt.
<dataQuality_files/figure-latex/unnamed-chunk-15-10.pdf, id=198, 464.73625pt x 
286.06876pt>
File: dataQuality_files/figure-latex/unnamed-chunk-15-10.pdf Graphic file (type
 pdf)
<use dataQuality_files/figure-latex/unnamed-chunk-15-10.pdf>
Package pdftex.def Info: dataQuality_files/figure-latex/unnamed-chunk-15-10.pdf
  used on input line 266.
(pdftex.def)             Requested size: 464.74219pt x 286.07242pt.
<dataQuality_files/figure-latex/unnamed-chunk-15-11.pdf, id=199, 464.73625pt x 
285.065pt>
File: dataQuality_files/figure-latex/unnamed-chunk-15-11.pdf Graphic file (type
 pdf)
<use dataQuality_files/figure-latex/unnamed-chunk-15-11.pdf>
Package pdftex.def Info: dataQuality_files/figure-latex/unnamed-chunk-15-11.pdf
  used on input line 267.
(pdftex.def)             Requested size: 464.7351pt x 285.0643pt.
<dataQuality_files/figure-latex/unnamed-chunk-15-12.pdf, id=200, 464.73625pt x 
285.065pt>
File: dataQuality_files/figure-latex/unnamed-chunk-15-12.pdf Graphic file (type
 pdf)
<use dataQuality_files/figure-latex/unnamed-chunk-15-12.pdf>
Package pdftex.def Info: dataQuality_files/figure-latex/unnamed-chunk-15-12.pdf
  used on input line 268.
(pdftex.def)             Requested size: 464.7351pt x 285.0643pt.
<dataQuality_files/figure-latex/unnamed-chunk-15-13.pdf, id=201, 464.73625pt x 
286.06876pt>
File: dataQuality_files/figure-latex/unnamed-chunk-15-13.pdf Graphic file (type
 pdf)
<use dataQuality_files/figure-latex/unnamed-chunk-15-13.pdf>
Package pdftex.def Info: dataQuality_files/figure-latex/unnamed-chunk-15-13.pdf
  used on input line 269.
(pdftex.def)             Requested size: 464.74219pt x 286.07242pt.
<dataQuality_files/figure-latex/unnamed-chunk-15-14.pdf, id=202, 946.53625pt x 
285.065pt>
File: dataQuality_files/figure-latex/unnamed-chunk-15-14.pdf Graphic file (type
 pdf)
<use dataQuality_files/figure-latex/unnamed-chunk-15-14.pdf>
Package pdftex.def Info: dataQuality_files/figure-latex/unnamed-chunk-15-14.pdf
  used on input line 270.
(pdftex.def)             Requested size: 469.74289pt x 141.47081pt.
<dataQuality_files/figure-latex/unnamed-chunk-15-15.pdf, id=203, 464.73625pt x 
285.065pt>
File: dataQuality_files/figure-latex/unnamed-chunk-15-15.pdf Graphic file (type
 pdf)
<use dataQuality_files/figure-latex/unnamed-chunk-15-15.pdf>
Package pdftex.def Info: dataQuality_files/figure-latex/unnamed-chunk-15-15.pdf
  used on input line 271.
(pdftex.def)             Requested size: 464.7351pt x 285.0643pt.
<dataQuality_files/figure-latex/unnamed-chunk-15-16.pdf, id=204, 946.53625pt x 
285.065pt>
File: dataQuality_files/figure-latex/unnamed-chunk-15-16.pdf Graphic file (type
 pdf)
<use dataQuality_files/figure-latex/unnamed-chunk-15-16.pdf>
Package pdftex.def Info: dataQuality_files/figure-latex/unnamed-chunk-15-16.pdf
  used on input line 272.
(pdftex.def)             Requested size: 469.74289pt x 141.47081pt.
<dataQuality_files/figure-latex/unnamed-chunk-15-17.pdf, id=205, 946.53625pt x 
285.065pt>
File: dataQuality_files/figure-latex/unnamed-chunk-15-17.pdf Graphic file (type
 pdf)
<use dataQuality_files/figure-latex/unnamed-chunk-15-17.pdf>
Package pdftex.def Info: dataQuality_files/figure-latex/unnamed-chunk-15-17.pdf
  used on input line 273.
(pdftex.def)             Requested size: 469.74289pt x 141.47081pt.
<dataQuality_files/figure-latex/unnamed-chunk-15-18.pdf, id=206, 946.53625pt x 
287.0725pt>
File: dataQuality_files/figure-latex/unnamed-chunk-15-18.pdf Graphic file (type
 pdf)
<use dataQuality_files/figure-latex/unnamed-chunk-15-18.pdf>
Package pdftex.def Info: dataQuality_files/figure-latex/unnamed-chunk-15-18.pdf
  used on input line 274.
(pdftex.def)             Requested size: 469.74289pt x 142.46707pt.
<dataQuality_files/figure-latex/unnamed-chunk-15-19.pdf, id=207, 464.73625pt x 
285.065pt>
File: dataQuality_files/figure-latex/unnamed-chunk-15-19.pdf Graphic file (type
 pdf)
<use dataQuality_files/figure-latex/unnamed-chunk-15-19.pdf>
Package pdftex.def Info: dataQuality_files/figure-latex/unnamed-chunk-15-19.pdf
  used on input line 275.
(pdftex.def)             Requested size: 464.7351pt x 285.0643pt.
<dataQuality_files/figure-latex/unnamed-chunk-15-20.pdf, id=208, 464.73625pt x 
286.06876pt>
File: dataQuality_files/figure-latex/unnamed-chunk-15-20.pdf Graphic file (type
 pdf)
<use dataQuality_files/figure-latex/unnamed-chunk-15-20.pdf>
Package pdftex.def Info: dataQuality_files/figure-latex/unnamed-chunk-15-20.pdf
  used on input line 276.
(pdftex.def)             Requested size: 464.74219pt x 286.07242pt.
<dataQuality_files/figure-latex/unnamed-chunk-15-21.pdf, id=209, 946.53625pt x 
285.065pt>
File: dataQuality_files/figure-latex/unnamed-chunk-15-21.pdf Graphic file (type
 pdf)
<use dataQuality_files/figure-latex/unnamed-chunk-15-21.pdf>
Package pdftex.def Info: dataQuality_files/figure-latex/unnamed-chunk-15-21.pdf
  used on input line 277.
(pdftex.def)             Requested size: 469.74289pt x 141.47081pt.
<dataQuality_files/figure-latex/unnamed-chunk-15-22.pdf, id=210, 946.53625pt x 
286.06876pt>
File: dataQuality_files/figure-latex/unnamed-chunk-15-22.pdf Graphic file (type
 pdf)
<use dataQuality_files/figure-latex/unnamed-chunk-15-22.pdf>
Package pdftex.def Info: dataQuality_files/figure-latex/unnamed-chunk-15-22.pdf
  used on input line 278.
(pdftex.def)             Requested size: 469.74289pt x 141.96895pt.
<dataQuality_files/figure-latex/unnamed-chunk-15-23.pdf, id=211, 946.53625pt x 
285.065pt>
File: dataQuality_files/figure-latex/unnamed-chunk-15-23.pdf Graphic file (type
 pdf)
<use dataQuality_files/figure-latex/unnamed-chunk-15-23.pdf>
Package pdftex.def Info: dataQuality_files/figure-latex/unnamed-chunk-15-23.pdf
  used on input line 279.
(pdftex.def)             Requested size: 469.74289pt x 141.47081pt.
<dataQuality_files/figure-latex/unnamed-chunk-15-24.pdf, id=212, 1428.33624pt x
 285.065pt>
File: dataQuality_files/figure-latex/unnamed-chunk-15-24.pdf Graphic file (type
 pdf)
<use dataQuality_files/figure-latex/unnamed-chunk-15-24.pdf>
Package pdftex.def Info: dataQuality_files/figure-latex/unnamed-chunk-15-24.pdf
  used on input line 280.
(pdftex.def)             Requested size: 469.76141pt x 93.7542pt.

Underfull \hbox (badness 10000) in paragraph at lines 257--281
[]
 []


Underfull \hbox (badness 10000) in paragraph at lines 257--281
[]
 []


Underfull \hbox (badness 10000) in paragraph at lines 257--281
[]
 []


Underfull \hbox (badness 10000) in paragraph at lines 257--281
[]
 []


Underfull \hbox (badness 10000) in paragraph at lines 257--281
[]
 []


Underfull \hbox (badness 10000) in paragraph at lines 257--281
[]
 []


Underfull \hbox (badness 10000) in paragraph at lines 257--281
[]
 []


Underfull \hbox (badness 10000) in paragraph at lines 257--281
[]
 []


Underfull \hbox (badness 10000) in paragraph at lines 257--281
[]
 []


Underfull \hbox (badness 10000) in paragraph at lines 257--281
[]
 []


Underfull \hbox (badness 10000) in paragraph at lines 257--281
[]
 []


Underfull \hbox (badness 10000) in paragraph at lines 257--281
[]
 []


Underfull \hbox (badness 10000) in paragraph at lines 257--281
[]
 []


Underfull \hbox (badness 10000) in paragraph at lines 257--281
[]
 []


Underfull \hbox (badness 10000) in paragraph at lines 257--281
[]
 []


Underfull \hbox (badness 10000) in paragraph at lines 257--281
[]
 []


Underfull \hbox (badness 10000) in paragraph at lines 257--281
[]
 []


Underfull \hbox (badness 10000) in paragraph at lines 257--281
[]
 []


Underfull \hbox (badness 10000) in paragraph at lines 257--281
[]
 []


Underfull \hbox (badness 10000) in paragraph at lines 257--281
[]
 []


Underfull \hbox (badness 10000) in paragraph at lines 257--281
[]
 []


Underfull \hbox (badness 10000) in paragraph at lines 257--281
[]
 []

[4 <./dataQuality_files/figure-latex/unnamed-chunk-11-1.pdf> <./dataQuality_fil
es/figure-latex/unnamed-chunk-12-1.pdf> <./dataQuality_files/figure-latex/unnam
ed-chunk-14-1.pdf> <./dataQuality_files/figure-latex/unnamed-chunk-15-1.pdf>] [
5 <./dataQuality_files/figure-latex/unnamed-chunk-15-2.pdf> <./dataQuality_file
s/figure-latex/unnamed-chunk-15-3.pdf> <./dataQuality_files/figure-latex/unname
d-chunk-15-4.pdf>] [6 <./dataQuality_files/figure-latex/unnamed-chunk-15-5.pdf>
 <./dataQuality_files/figure-latex/unnamed-chunk-15-6.pdf> <./dataQuality_files
/figure-latex/unnamed-chunk-15-7.pdf>] [7 <./dataQuality_files/figure-latex/unn
amed-chunk-15-8.pdf> <./dataQuality_files/figure-latex/unnamed-chunk-15-9.pdf>]
[8 <./dataQuality_files/figure-latex/unnamed-chunk-15-10.pdf> <./dataQuality_fi
les/figure-latex/unnamed-chunk-15-11.pdf>] [9 <./dataQuality_files/figure-latex
/unnamed-chunk-15-12.pdf> <./dataQuality_files/figure-latex/unnamed-chunk-15-13
.pdf>] [10 <./dataQuality_files/figure-latex/unnamed-chunk-15-14.pdf> <./dataQu
ality_files/figure-latex/unnamed-chunk-15-15.pdf> <./dataQuality_files/figure-l
atex/unnamed-chunk-15-16.pdf>] [11 <./dataQuality_files/figure-latex/unnamed-ch
unk-15-17.pdf> <./dataQuality_files/figure-latex/unnamed-chunk-15-18.pdf> <./da
taQuality_files/figure-latex/unnamed-chunk-15-19.pdf>] [12 <./dataQuality_files
/figure-latex/unnamed-chunk-15-20.pdf> <./dataQuality_files/figure-latex/unname
d-chunk-15-21.pdf> <./dataQuality_files/figure-latex/unnamed-chunk-15-22.pdf>]
<dataQuality_files/figure-latex/unnamed-chunk-16-1.pdf, id=456, 1511.6475pt x 1
91.71625pt>
File: dataQuality_files/figure-latex/unnamed-chunk-16-1.pdf Graphic file (type 
pdf)
<use dataQuality_files/figure-latex/unnamed-chunk-16-1.pdf>
Package pdftex.def Info: dataQuality_files/figure-latex/unnamed-chunk-16-1.pdf 
 used on input line 285.
(pdftex.def)             Requested size: 469.75919pt x 59.57768pt.
<dataQuality_files/figure-latex/unnamed-chunk-16-2.pdf, id=457, 1005.7575pt x 1
91.71625pt>
File: dataQuality_files/figure-latex/unnamed-chunk-16-2.pdf Graphic file (type 
pdf)
<use dataQuality_files/figure-latex/unnamed-chunk-16-2.pdf>
Package pdftex.def Info: dataQuality_files/figure-latex/unnamed-chunk-16-2.pdf 
 used on input line 286.
(pdftex.def)             Requested size: 469.7442pt x 89.54205pt.
<dataQuality_files/figure-latex/unnamed-chunk-16-3.pdf, id=458, 1005.7575pt x 1
91.71625pt>
File: dataQuality_files/figure-latex/unnamed-chunk-16-3.pdf Graphic file (type 
pdf)
<use dataQuality_files/figure-latex/unnamed-chunk-16-3.pdf>
Package pdftex.def Info: dataQuality_files/figure-latex/unnamed-chunk-16-3.pdf 
 used on input line 287.
(pdftex.def)             Requested size: 469.7442pt x 89.54205pt.
<dataQuality_files/figure-latex/unnamed-chunk-16-4.pdf, id=459, 499.8675pt x 19
1.71625pt>
File: dataQuality_files/figure-latex/unnamed-chunk-16-4.pdf Graphic file (type 
pdf)
<use dataQuality_files/figure-latex/unnamed-chunk-16-4.pdf>
Package pdftex.def Info: dataQuality_files/figure-latex/unnamed-chunk-16-4.pdf 
 used on input line 288.
(pdftex.def)             Requested size: 469.76872pt x 180.17233pt.
<dataQuality_files/figure-latex/unnamed-chunk-16-5.pdf, id=460, 499.8675pt x 19
1.71625pt>
File: dataQuality_files/figure-latex/unnamed-chunk-16-5.pdf Graphic file (type 
pdf)
<use dataQuality_files/figure-latex/unnamed-chunk-16-5.pdf>
Package pdftex.def Info: dataQuality_files/figure-latex/unnamed-chunk-16-5.pdf 
 used on input line 289.
(pdftex.def)             Requested size: 469.76872pt x 180.17233pt.
<dataQuality_files/figure-latex/unnamed-chunk-16-6.pdf, id=461, 1005.7575pt x 1
91.71625pt>
File: dataQuality_files/figure-latex/unnamed-chunk-16-6.pdf Graphic file (type 
pdf)
<use dataQuality_files/figure-latex/unnamed-chunk-16-6.pdf>
Package pdftex.def Info: dataQuality_files/figure-latex/unnamed-chunk-16-6.pdf 
 used on input line 290.
(pdftex.def)             Requested size: 469.7442pt x 89.54205pt.
<dataQuality_files/figure-latex/unnamed-chunk-16-7.pdf, id=462, 1005.7575pt x 1
91.71625pt>
File: dataQuality_files/figure-latex/unnamed-chunk-16-7.pdf Graphic file (type 
pdf)
<use dataQuality_files/figure-latex/unnamed-chunk-16-7.pdf>
Package pdftex.def Info: dataQuality_files/figure-latex/unnamed-chunk-16-7.pdf 
 used on input line 291.
(pdftex.def)             Requested size: 469.7442pt x 89.54205pt.
<dataQuality_files/figure-latex/unnamed-chunk-16-8.pdf, id=463, 499.8675pt x 19
1.71625pt>
File: dataQuality_files/figure-latex/unnamed-chunk-16-8.pdf Graphic file (type 
pdf)
<use dataQuality_files/figure-latex/unnamed-chunk-16-8.pdf>
Package pdftex.def Info: dataQuality_files/figure-latex/unnamed-chunk-16-8.pdf 
 used on input line 292.
(pdftex.def)             Requested size: 469.76872pt x 180.17233pt.
<dataQuality_files/figure-latex/unnamed-chunk-16-9.pdf, id=464, 499.8675pt x 19
1.71625pt>
File: dataQuality_files/figure-latex/unnamed-chunk-16-9.pdf Graphic file (type 
pdf)
<use dataQuality_files/figure-latex/unnamed-chunk-16-9.pdf>
Package pdftex.def Info: dataQuality_files/figure-latex/unnamed-chunk-16-9.pdf 
 used on input line 293.
(pdftex.def)             Requested size: 469.76872pt x 180.17233pt.
<dataQuality_files/figure-latex/unnamed-chunk-16-10.pdf, id=465, 499.8675pt x 1
91.71625pt>
File: dataQuality_files/figure-latex/unnamed-chunk-16-10.pdf Graphic file (type
 pdf)
<use dataQuality_files/figure-latex/unnamed-chunk-16-10.pdf>
Package pdftex.def Info: dataQuality_files/figure-latex/unnamed-chunk-16-10.pdf
  used on input line 294.
(pdftex.def)             Requested size: 469.76872pt x 180.17233pt.
<dataQuality_files/figure-latex/unnamed-chunk-16-11.pdf, id=466, 499.8675pt x 1
91.71625pt>
File: dataQuality_files/figure-latex/unnamed-chunk-16-11.pdf Graphic file (type
 pdf)
<use dataQuality_files/figure-latex/unnamed-chunk-16-11.pdf>
Package pdftex.def Info: dataQuality_files/figure-latex/unnamed-chunk-16-11.pdf
  used on input line 295.
(pdftex.def)             Requested size: 469.76872pt x 180.17233pt.
<dataQuality_files/figure-latex/unnamed-chunk-16-12.pdf, id=467, 499.8675pt x 1
91.71625pt>
File: dataQuality_files/figure-latex/unnamed-chunk-16-12.pdf Graphic file (type
 pdf)
<use dataQuality_files/figure-latex/unnamed-chunk-16-12.pdf>
Package pdftex.def Info: dataQuality_files/figure-latex/unnamed-chunk-16-12.pdf
  used on input line 296.
(pdftex.def)             Requested size: 469.76872pt x 180.17233pt.
<dataQuality_files/figure-latex/unnamed-chunk-16-13.pdf, id=468, 499.8675pt x 1
91.71625pt>
File: dataQuality_files/figure-latex/unnamed-chunk-16-13.pdf Graphic file (type
 pdf)
<use dataQuality_files/figure-latex/unnamed-chunk-16-13.pdf>
Package pdftex.def Info: dataQuality_files/figure-latex/unnamed-chunk-16-13.pdf
  used on input line 297.
(pdftex.def)             Requested size: 469.76872pt x 180.17233pt.
<dataQuality_files/figure-latex/unnamed-chunk-16-14.pdf, id=469, 1005.7575pt x 
191.71625pt>
File: dataQuality_files/figure-latex/unnamed-chunk-16-14.pdf Graphic file (type
 pdf)
<use dataQuality_files/figure-latex/unnamed-chunk-16-14.pdf>
Package pdftex.def Info: dataQuality_files/figure-latex/unnamed-chunk-16-14.pdf
  used on input line 298.
(pdftex.def)             Requested size: 469.7442pt x 89.54205pt.
<dataQuality_files/figure-latex/unnamed-chunk-16-15.pdf, id=470, 499.8675pt x 1
91.71625pt>
File: dataQuality_files/figure-latex/unnamed-chunk-16-15.pdf Graphic file (type
 pdf)
<use dataQuality_files/figure-latex/unnamed-chunk-16-15.pdf>
Package pdftex.def Info: dataQuality_files/figure-latex/unnamed-chunk-16-15.pdf
  used on input line 299.
(pdftex.def)             Requested size: 469.76872pt x 180.17233pt.
<dataQuality_files/figure-latex/unnamed-chunk-16-16.pdf, id=471, 1005.7575pt x 
191.71625pt>
File: dataQuality_files/figure-latex/unnamed-chunk-16-16.pdf Graphic file (type
 pdf)
<use dataQuality_files/figure-latex/unnamed-chunk-16-16.pdf>
Package pdftex.def Info: dataQuality_files/figure-latex/unnamed-chunk-16-16.pdf
  used on input line 300.
(pdftex.def)             Requested size: 469.7442pt x 89.54205pt.
<dataQuality_files/figure-latex/unnamed-chunk-16-17.pdf, id=472, 1005.7575pt x 
191.71625pt>
File: dataQuality_files/figure-latex/unnamed-chunk-16-17.pdf Graphic file (type
 pdf)
<use dataQuality_files/figure-latex/unnamed-chunk-16-17.pdf>
Package pdftex.def Info: dataQuality_files/figure-latex/unnamed-chunk-16-17.pdf
  used on input line 301.
(pdftex.def)             Requested size: 469.7442pt x 89.54205pt.
<dataQuality_files/figure-latex/unnamed-chunk-16-18.pdf, id=473, 1005.7575pt x 
191.71625pt>
File: dataQuality_files/figure-latex/unnamed-chunk-16-18.pdf Graphic file (type
 pdf)
<use dataQuality_files/figure-latex/unnamed-chunk-16-18.pdf>
Package pdftex.def Info: dataQuality_files/figure-latex/unnamed-chunk-16-18.pdf
  used on input line 302.
(pdftex.def)             Requested size: 469.7442pt x 89.54205pt.
<dataQuality_files/figure-latex/unnamed-chunk-16-19.pdf, id=474, 499.8675pt x 1
91.71625pt>
File: dataQuality_files/figure-latex/unnamed-chunk-16-19.pdf Graphic file (type
 pdf)
<use dataQuality_files/figure-latex/unnamed-chunk-16-19.pdf>
Package pdftex.def Info: dataQuality_files/figure-latex/unnamed-chunk-16-19.pdf
  used on input line 303.
(pdftex.def)             Requested size: 469.76872pt x 180.17233pt.
<dataQuality_files/figure-latex/unnamed-chunk-16-20.pdf, id=475, 499.8675pt x 1
91.71625pt>
File: dataQuality_files/figure-latex/unnamed-chunk-16-20.pdf Graphic file (type
 pdf)
<use dataQuality_files/figure-latex/unnamed-chunk-16-20.pdf>
Package pdftex.def Info: dataQuality_files/figure-latex/unnamed-chunk-16-20.pdf
  used on input line 304.
(pdftex.def)             Requested size: 469.76872pt x 180.17233pt.
<dataQuality_files/figure-latex/unnamed-chunk-16-21.pdf, id=476, 1005.7575pt x 
191.71625pt>
File: dataQuality_files/figure-latex/unnamed-chunk-16-21.pdf Graphic file (type
 pdf)
<use dataQuality_files/figure-latex/unnamed-chunk-16-21.pdf>
Package pdftex.def Info: dataQuality_files/figure-latex/unnamed-chunk-16-21.pdf
  used on input line 305.
(pdftex.def)             Requested size: 469.7442pt x 89.54205pt.
<dataQuality_files/figure-latex/unnamed-chunk-16-22.pdf, id=477, 1005.7575pt x 
191.71625pt>
File: dataQuality_files/figure-latex/unnamed-chunk-16-22.pdf Graphic file (type
 pdf)
<use dataQuality_files/figure-latex/unnamed-chunk-16-22.pdf>
Package pdftex.def Info: dataQuality_files/figure-latex/unnamed-chunk-16-22.pdf
  used on input line 306.
(pdftex.def)             Requested size: 469.7442pt x 89.54205pt.
<dataQuality_files/figure-latex/unnamed-chunk-16-23.pdf, id=478, 1005.7575pt x 
191.71625pt>
File: dataQuality_files/figure-latex/unnamed-chunk-16-23.pdf Graphic file (type
 pdf)
<use dataQuality_files/figure-latex/unnamed-chunk-16-23.pdf>
Package pdftex.def Info: dataQuality_files/figure-latex/unnamed-chunk-16-23.pdf
  used on input line 307.
(pdftex.def)             Requested size: 469.7442pt x 89.54205pt.
<dataQuality_files/figure-latex/unnamed-chunk-16-24.pdf, id=479, 1511.6475pt x 
191.71625pt>
File: dataQuality_files/figure-latex/unnamed-chunk-16-24.pdf Graphic file (type
 pdf)
<use dataQuality_files/figure-latex/unnamed-chunk-16-24.pdf>
Package pdftex.def Info: dataQuality_files/figure-latex/unnamed-chunk-16-24.pdf
  used on input line 308.
(pdftex.def)             Requested size: 469.75919pt x 59.57768pt.

Underfull \hbox (badness 10000) in paragraph at lines 285--309
[]
 []


Underfull \hbox (badness 10000) in paragraph at lines 285--309
[]
 []


Underfull \hbox (badness 10000) in paragraph at lines 285--309
[]
 []


Underfull \hbox (badness 10000) in paragraph at lines 285--309
[]
 []


Underfull \hbox (badness 10000) in paragraph at lines 285--309
[]
 []


Underfull \hbox (badness 10000) in paragraph at lines 285--309
[]
 []


Underfull \hbox (badness 10000) in paragraph at lines 285--309
[]
 []


Underfull \hbox (badness 10000) in paragraph at lines 285--309
[]
 []


Underfull \hbox (badness 10000) in paragraph at lines 285--309
[]
 []


Underfull \hbox (badness 10000) in paragraph at lines 285--309
[]
 []


Underfull \hbox (badness 10000) in paragraph at lines 285--309
[]
 []

[13 <./dataQuality_files/figure-latex/unnamed-chunk-15-23.pdf> <./dataQuality_f
iles/figure-latex/unnamed-chunk-15-24.pdf> <./dataQuality_files/figure-latex/un
named-chunk-16-1.pdf> <./dataQuality_files/figure-latex/unnamed-chunk-16-2.pdf>
 <./dataQuality_files/figure-latex/unnamed-chunk-16-3.pdf>] [14 <./dataQuality_
files/figure-latex/unnamed-chunk-16-4.pdf> <./dataQuality_files/figure-latex/un
named-chunk-16-5.pdf> <./dataQuality_files/figure-latex/unnamed-chunk-16-6.pdf>
 <./dataQuality_files/figure-latex/unnamed-chunk-16-7.pdf>] [15 <./dataQuality_
files/figure-latex/unnamed-chunk-16-8.pdf> <./dataQuality_files/figure-latex/un
named-chunk-16-9.pdf> <./dataQuality_files/figure-latex/unnamed-chunk-16-10.pdf
>] [16 <./dataQuality_files/figure-latex/unnamed-chunk-16-11.pdf> <./dataQualit
y_files/figure-latex/unnamed-chunk-16-12.pdf> <./dataQuality_files/figure-latex
/unnamed-chunk-16-13.pdf> <./dataQuality_files/figure-latex/unnamed-chunk-16-14
.pdf>] [17 <./dataQuality_files/figure-latex/unnamed-chunk-16-15.pdf> <./dataQu
ality_files/figure-latex/unnamed-chunk-16-16.pdf> <./dataQuality_files/figure-l
atex/unnamed-chunk-16-17.pdf> <./dataQuality_files/figure-latex/unnamed-chunk-1
6-18.pdf> <./dataQuality_files/figure-latex/unnamed-chunk-16-19.pdf>]
<dataQuality_files/figure-latex/unnamed-chunk-18-1.pdf, id=671, 1120.185pt x 29
4.09875pt>
File: dataQuality_files/figure-latex/unnamed-chunk-18-1.pdf Graphic file (type 
pdf)
<use dataQuality_files/figure-latex/unnamed-chunk-18-1.pdf>
Package pdftex.def Info: dataQuality_files/figure-latex/unnamed-chunk-18-1.pdf 
 used on input line 313.
(pdftex.def)             Requested size: 469.7566pt x 123.33214pt.
[18 <./dataQuality_files/figure-latex/unnamed-chunk-16-20.pdf> <./dataQuality_f
iles/figure-latex/unnamed-chunk-16-21.pdf> <./dataQuality_files/figure-latex/un
named-chunk-16-22.pdf> <./dataQuality_files/figure-latex/unnamed-chunk-16-23.pd
f> <./dataQuality_files/figure-latex/unnamed-chunk-16-24.pdf>]
<dataQuality_files/figure-latex/unnamed-chunk-19-1.pdf, id=717, 1120.185pt x 29
4.09875pt>
File: dataQuality_files/figure-latex/unnamed-chunk-19-1.pdf Graphic file (type 
pdf)
<use dataQuality_files/figure-latex/unnamed-chunk-19-1.pdf>
Package pdftex.def Info: dataQuality_files/figure-latex/unnamed-chunk-19-1.pdf 
 used on input line 315.
(pdftex.def)             Requested size: 469.7566pt x 123.33214pt.
<dataQuality_files/figure-latex/unnamed-chunk-24-1.pdf, id=718, 1080.035pt x 29
4.09875pt>
File: dataQuality_files/figure-latex/unnamed-chunk-24-1.pdf Graphic file (type 
pdf)
<use dataQuality_files/figure-latex/unnamed-chunk-24-1.pdf>
Package pdftex.def Info: dataQuality_files/figure-latex/unnamed-chunk-24-1.pdf 
 used on input line 320.
(pdftex.def)             Requested size: 469.74551pt x 127.91397pt.
<dataQuality_files/figure-latex/unnamed-chunk-26-1.pdf, id=719, 457.71pt x 842.
14626pt>
File: dataQuality_files/figure-latex/unnamed-chunk-26-1.pdf Graphic file (type 
pdf)
<use dataQuality_files/figure-latex/unnamed-chunk-26-1.pdf>
Package pdftex.def Info: dataQuality_files/figure-latex/unnamed-chunk-26-1.pdf 
 used on input line 329.
(pdftex.def)             Requested size: 353.51335pt x 650.43355pt.
[19 <./dataQuality_files/figure-latex/unnamed-chunk-18-1.pdf> <./dataQuality_fi
les/figure-latex/unnamed-chunk-19-1.pdf> <./dataQuality_files/figure-latex/unna
med-chunk-24-1.pdf>] [20 <./dataQuality_files/figure-latex/unnamed-chunk-26-1.p
df>]
<dataQuality_files/figure-latex/ggrides-1.pdf, id=765, 1131.22626pt x 1142.2675
pt>
File: dataQuality_files/figure-latex/ggrides-1.pdf Graphic file (type pdf)
<use dataQuality_files/figure-latex/ggrides-1.pdf>
Package pdftex.def Info: dataQuality_files/figure-latex/ggrides-1.pdf  used on 
input line 346.
(pdftex.def)             Requested size: 469.74359pt x 474.32849pt.
[21 <./dataQuality_files/figure-latex/ggrides-1.pdf>]
<dataQuality_files/figure-latex/unnamed-chunk-33-1.pdf, id=780, 1130.2225pt x 3
13.17pt>
File: dataQuality_files/figure-latex/unnamed-chunk-33-1.pdf Graphic file (type 
pdf)
<use dataQuality_files/figure-latex/unnamed-chunk-33-1.pdf>
Package pdftex.def Info: dataQuality_files/figure-latex/unnamed-chunk-33-1.pdf 
 used on input line 353.
(pdftex.def)             Requested size: 469.74068pt x 130.15904pt.

Overfull \hbox (15.36206pt too wide) in paragraph at lines 358--359
[]\T1/lmr/m/n/10 (-20) sample|  
 []


Overfull \hbox (9.85083pt too wide) in paragraph at lines 360--361
[]\T1/lmr/m/n/10 (-20) library|  
 []


Overfull \hbox (39.44843pt too wide) in paragraph at lines 362--363
[]\T1/lmr/m/n/10 (-20) mito_estimate|  
 []


Overfull \hbox (37.26501pt too wide) in paragraph at lines 364--365
[]\T1/lmr/m/n/10 (-20) mito_low_est|  
 []


Overfull \hbox (42.95297pt too wide) in paragraph at lines 366--367
[]\T1/lmr/m/n/10 (-20) mito_upper_est|  
 []


Overfull \hbox (31.52081pt too wide) in paragraph at lines 368--369
[]\T1/lmr/m/n/10 (-20) X_estimate|  
 []


Overfull \hbox (29.3374pt too wide) in paragraph at lines 370--371
[]\T1/lmr/m/n/10 (-20) X_low_est|  
 []


Overfull \hbox (35.01817pt too wide) in paragraph at lines 372--373
[]\T1/lmr/m/n/10 (-20) X_upper_est|  
 []


Overfull \hbox (50.67232pt too wide) in paragraph at lines 374--375
 []\T1/lmr/m/n/10 (-20) mito_num_Reads|
 []


Overfull \hbox (39.68262pt too wide) in paragraph at lines 376--377
 []\T1/lmr/m/n/10 (-20) mito_coverage|
 []


Overfull \hbox (35.5784pt too wide) in paragraph at lines 378--379
 []\T1/lmr/m/n/10 (-20) X_num_sites|
 []


Overfull \hbox (39.01375pt too wide) in paragraph at lines 380--381
 []\T1/lmr/m/n/10 (-20) X_min_depth|
 []


Overfull \hbox (26.74156pt too wide) in paragraph at lines 387--388
[]\T1/lmr/m/n/10 (-20) MN00019|  
 []


Overfull \hbox (4.07932pt too wide) in paragraph at lines 397--398
[]\T1/lmr/m/n/10 (-20) NA%|  
 []


Overfull \hbox (4.07932pt too wide) in paragraph at lines 399--400
[]\T1/lmr/m/n/10 (-20) NA%|  
 []


Overfull \hbox (3.73299pt too wide) in paragraph at lines 405--406
 []\T1/lmr/m/n/10 (-20) 0.1240|
 []


Overfull \hbox (26.74156pt too wide) in paragraph at lines 414--415
[]\T1/lmr/m/n/10 (-20) MN00019|  
 []


Overfull \hbox (4.07932pt too wide) in paragraph at lines 424--425
[]\T1/lmr/m/n/10 (-20) NA%|  
 []


Overfull \hbox (4.07932pt too wide) in paragraph at lines 426--427
[]\T1/lmr/m/n/10 (-20) NA%|  
 []


Overfull \hbox (3.73299pt too wide) in paragraph at lines 432--433
 []\T1/lmr/m/n/10 (-20) 0.0213|
 []


Overfull \hbox (26.74156pt too wide) in paragraph at lines 441--442
[]\T1/lmr/m/n/10 (-20) MN00019|  
 []


Overfull \hbox (4.07932pt too wide) in paragraph at lines 451--452
[]\T1/lmr/m/n/10 (-20) NA%|  
 []


Overfull \hbox (4.07932pt too wide) in paragraph at lines 453--454
[]\T1/lmr/m/n/10 (-20) NA%|  
 []


Overfull \hbox (3.73299pt too wide) in paragraph at lines 459--460
 []\T1/lmr/m/n/10 (-20) 0.1030|
 []


Overfull \hbox (21.84157pt too wide) in paragraph at lines 468--469
[]\T1/lmr/m/n/10 (-20) MN0003|  
 []


Overfull \hbox (4.07932pt too wide) in paragraph at lines 478--479
[]\T1/lmr/m/n/10 (-20) NA%|  
 []


Overfull \hbox (4.07932pt too wide) in paragraph at lines 480--481
[]\T1/lmr/m/n/10 (-20) NA%|  
 []


Overfull \hbox (8.38298pt too wide) in paragraph at lines 486--487
 []\T1/lmr/m/n/10 (-20) 35.6000|
 []


Overfull \hbox (21.84157pt too wide) in paragraph at lines 495--496
[]\T1/lmr/m/n/10 (-20) MN0003|  
 []


Overfull \hbox (4.07932pt too wide) in paragraph at lines 505--506
[]\T1/lmr/m/n/10 (-20) NA%|  
 []


Overfull \hbox (4.07932pt too wide) in paragraph at lines 507--508
[]\T1/lmr/m/n/10 (-20) NA%|  
 []


Overfull \hbox (8.38298pt too wide) in paragraph at lines 513--514
 []\T1/lmr/m/n/10 (-20) 35.6000|
 []


Overfull \hbox (26.74156pt too wide) in paragraph at lines 522--523
[]\T1/lmr/m/n/10 (-20) MN00045|  
 []


Overfull \hbox (4.07932pt too wide) in paragraph at lines 532--533
[]\T1/lmr/m/n/10 (-20) NA%|  
 []


Overfull \hbox (4.07932pt too wide) in paragraph at lines 534--535
[]\T1/lmr/m/n/10 (-20) NA%|  
 []


Overfull \hbox (8.63298pt too wide) in paragraph at lines 540--541
 []\T1/lmr/m/n/10 (-20) 55.4000|
 []


Overfull \hbox (26.74156pt too wide) in paragraph at lines 549--550
[]\T1/lmr/m/n/10 (-20) MN00045|  
 []


Overfull \hbox (4.07932pt too wide) in paragraph at lines 559--560
[]\T1/lmr/m/n/10 (-20) NA%|  
 []


Overfull \hbox (4.07932pt too wide) in paragraph at lines 561--562
[]\T1/lmr/m/n/10 (-20) NA%|  
 []


Overfull \hbox (8.63298pt too wide) in paragraph at lines 567--568
 []\T1/lmr/m/n/10 (-20) 55.4000|
 []


Overfull \hbox (26.74156pt too wide) in paragraph at lines 576--577
[]\T1/lmr/m/n/10 (-20) MN00064|  
 []


Overfull \hbox (4.07932pt too wide) in paragraph at lines 586--587
[]\T1/lmr/m/n/10 (-20) NA%|  
 []


Overfull \hbox (4.07932pt too wide) in paragraph at lines 588--589
[]\T1/lmr/m/n/10 (-20) NA%|  
 []


Overfull \hbox (8.63298pt too wide) in paragraph at lines 594--595
 []\T1/lmr/m/n/10 (-20) 56.5000|
 []


Overfull \hbox (26.74156pt too wide) in paragraph at lines 603--604
[]\T1/lmr/m/n/10 (-20) MN00064|  
 []


Overfull \hbox (4.07932pt too wide) in paragraph at lines 613--614
[]\T1/lmr/m/n/10 (-20) NA%|  
 []


Overfull \hbox (4.07932pt too wide) in paragraph at lines 615--616
[]\T1/lmr/m/n/10 (-20) NA%|  
 []


Overfull \hbox (8.63298pt too wide) in paragraph at lines 621--622
 []\T1/lmr/m/n/10 (-20) 56.5000|
 []


Overfull \hbox (26.74156pt too wide) in paragraph at lines 630--631
[]\T1/lmr/m/n/10 (-20) MN00067|  
 []


Overfull \hbox (13.03297pt too wide) in paragraph at lines 648--649
 []\T1/lmr/m/n/10 (-20) 100.0000|
 []


Overfull \hbox (26.74156pt too wide) in paragraph at lines 657--658
[]\T1/lmr/m/n/10 (-20) MN00067|  
 []


Overfull \hbox (4.07932pt too wide) in paragraph at lines 667--668
[]\T1/lmr/m/n/10 (-20) NA%|  
 []


Overfull \hbox (4.07932pt too wide) in paragraph at lines 669--670
[]\T1/lmr/m/n/10 (-20) NA%|  
 []


Overfull \hbox (8.38298pt too wide) in paragraph at lines 675--676
 []\T1/lmr/m/n/10 (-20) 37.8000|
 []


Overfull \hbox (26.74156pt too wide) in paragraph at lines 684--685
[]\T1/lmr/m/n/10 (-20) MN00067|  
 []


Overfull \hbox (8.63298pt too wide) in paragraph at lines 702--703
 []\T1/lmr/m/n/10 (-20) 62.5000|
 []


Overfull \hbox (26.74156pt too wide) in paragraph at lines 711--712
[]\T1/lmr/m/n/10 (-20) MN00068|  
 []


Overfull \hbox (4.07932pt too wide) in paragraph at lines 721--722
[]\T1/lmr/m/n/10 (-20) NA%|  
 []


Overfull \hbox (4.07932pt too wide) in paragraph at lines 723--724
[]\T1/lmr/m/n/10 (-20) NA%|  
 []


Overfull \hbox (8.13298pt too wide) in paragraph at lines 729--730
 []\T1/lmr/m/n/10 (-20) 11.3000|
 []


Overfull \hbox (26.74156pt too wide) in paragraph at lines 738--739
[]\T1/lmr/m/n/10 (-20) MN00068|  
 []


Overfull \hbox (4.07932pt too wide) in paragraph at lines 748--749
[]\T1/lmr/m/n/10 (-20) NA%|  
 []


Overfull \hbox (4.07932pt too wide) in paragraph at lines 750--751
[]\T1/lmr/m/n/10 (-20) NA%|  
 []


Overfull \hbox (8.13298pt too wide) in paragraph at lines 756--757
 []\T1/lmr/m/n/10 (-20) 11.3000|
 []


Overfull \hbox (26.74156pt too wide) in paragraph at lines 765--766
[]\T1/lmr/m/n/10 (-20) MN00069|  
 []


Overfull \hbox (4.07932pt too wide) in paragraph at lines 775--776
[]\T1/lmr/m/n/10 (-20) NA%|  
 []


Overfull \hbox (4.07932pt too wide) in paragraph at lines 777--778
[]\T1/lmr/m/n/10 (-20) NA%|  
 []


Overfull \hbox (3.73299pt too wide) in paragraph at lines 783--784
 []\T1/lmr/m/n/10 (-20) 5.3400|
 []


Overfull \hbox (26.74156pt too wide) in paragraph at lines 792--793
[]\T1/lmr/m/n/10 (-20) MN00069|  
 []


Overfull \hbox (4.07932pt too wide) in paragraph at lines 802--803
[]\T1/lmr/m/n/10 (-20) NA%|  
 []


Overfull \hbox (4.07932pt too wide) in paragraph at lines 804--805
[]\T1/lmr/m/n/10 (-20) NA%|  
 []


Overfull \hbox (3.73299pt too wide) in paragraph at lines 810--811
 []\T1/lmr/m/n/10 (-20) 5.3400|
 []


Overfull \hbox (21.84157pt too wide) in paragraph at lines 819--820
[]\T1/lmr/m/n/10 (-20) MN0008|  
 []


Overfull \hbox (13.28297pt too wide) in paragraph at lines 837--838
 []\T1/lmr/m/n/10 (-20) 222.0000|
 []


Overfull \hbox (0.66078pt too wide) in paragraph at lines 839--840
 []\T1/lmr/m/n/10 (-20) 47991|
 []


Overfull \hbox (21.84157pt too wide) in paragraph at lines 846--847
[]\T1/lmr/m/n/10 (-20) MN0008|  
 []


Overfull \hbox (4.07932pt too wide) in paragraph at lines 856--857
[]\T1/lmr/m/n/10 (-20) NA%|  
 []


Overfull \hbox (4.07932pt too wide) in paragraph at lines 858--859
[]\T1/lmr/m/n/10 (-20) NA%|  
 []


Overfull \hbox (8.38298pt too wide) in paragraph at lines 864--865
 []\T1/lmr/m/n/10 (-20) 77.3000|
 []


Overfull \hbox (21.84157pt too wide) in paragraph at lines 873--874
[]\T1/lmr/m/n/10 (-20) MN0008|  
 []


Overfull \hbox (8.63298pt too wide) in paragraph at lines 891--892
 []\T1/lmr/m/n/10 (-20) 69.0000|
 []


Overfull \hbox (0.51079pt too wide) in paragraph at lines 893--894
 []\T1/lmr/m/n/10 (-20) 12347|
 []


Overfull \hbox (21.84157pt too wide) in paragraph at lines 900--901
[]\T1/lmr/m/n/10 (-20) MN0008|  
 []


Overfull \hbox (8.38298pt too wide) in paragraph at lines 918--919
 []\T1/lmr/m/n/10 (-20) 76.1000|
 []


Overfull \hbox (0.51079pt too wide) in paragraph at lines 920--921
 []\T1/lmr/m/n/10 (-20) 10001|
 []


Overfull \hbox (21.84157pt too wide) in paragraph at lines 927--928
[]\T1/lmr/m/n/10 (-20) MN0009|  
 []


Overfull \hbox (13.28297pt too wide) in paragraph at lines 945--946
 []\T1/lmr/m/n/10 (-20) 205.0000|
 []


Overfull \hbox (21.84157pt too wide) in paragraph at lines 954--955
[]\T1/lmr/m/n/10 (-20) MN0009|  
 []


Overfull \hbox (13.03297pt too wide) in paragraph at lines 972--973
 []\T1/lmr/m/n/10 (-20) 105.0000|
 []


Overfull \hbox (21.84157pt too wide) in paragraph at lines 981--982
[]\T1/lmr/m/n/10 (-20) MN0009|  
 []


Overfull \hbox (13.03297pt too wide) in paragraph at lines 999--1000
 []\T1/lmr/m/n/10 (-20) 100.0000|
 []


Overfull \hbox (26.74156pt too wide) in paragraph at lines 1008--1009
[]\T1/lmr/m/n/10 (-20) MN00316|  
 []


Overfull \hbox (13.03297pt too wide) in paragraph at lines 1026--1027
 []\T1/lmr/m/n/10 (-20) 134.0000|
 []


Overfull \hbox (26.74156pt too wide) in paragraph at lines 1035--1036
[]\T1/lmr/m/n/10 (-20) MN00316|  
 []


Overfull \hbox (4.07932pt too wide) in paragraph at lines 1045--1046
[]\T1/lmr/m/n/10 (-20) NA%|  
 []


Overfull \hbox (4.07932pt too wide) in paragraph at lines 1047--1048
[]\T1/lmr/m/n/10 (-20) NA%|  
 []


Overfull \hbox (8.63298pt too wide) in paragraph at lines 1053--1054
 []\T1/lmr/m/n/10 (-20) 63.9000|
 []


Overfull \hbox (26.74156pt too wide) in paragraph at lines 1062--1063
[]\T1/lmr/m/n/10 (-20) MN00316|  
 []


Overfull \hbox (8.38298pt too wide) in paragraph at lines 1080--1081
 []\T1/lmr/m/n/10 (-20) 70.5000|
 []


Overfull \hbox (26.74156pt too wide) in paragraph at lines 1089--1090
[]\T1/lmr/m/n/10 (-20) MN00346|  
 []


Overfull \hbox (13.03297pt too wide) in paragraph at lines 1107--1108
 []\T1/lmr/m/n/10 (-20) 149.0000|
 []


Overfull \hbox (26.74156pt too wide) in paragraph at lines 1116--1117
[]\T1/lmr/m/n/10 (-20) MN00346|  
 []


Overfull \hbox (8.38298pt too wide) in paragraph at lines 1134--1135
 []\T1/lmr/m/n/10 (-20) 78.6000|
 []


Overfull \hbox (26.74156pt too wide) in paragraph at lines 1143--1144
[]\T1/lmr/m/n/10 (-20) MN00346|  
 []


Overfull \hbox (8.38298pt too wide) in paragraph at lines 1161--1162
 []\T1/lmr/m/n/10 (-20) 70.2000|
 []


Overfull \hbox (26.74156pt too wide) in paragraph at lines 1170--1171
[]\T1/lmr/m/n/10 (-20) MN01701|  
 []


Overfull \hbox (4.07932pt too wide) in paragraph at lines 1180--1181
[]\T1/lmr/m/n/10 (-20) NA%|  
 []


Overfull \hbox (4.07932pt too wide) in paragraph at lines 1182--1183
[]\T1/lmr/m/n/10 (-20) NA%|  
 []


Overfull \hbox (3.23299pt too wide) in paragraph at lines 1188--1189
 []\T1/lmr/m/n/10 (-20) 1.0700|
 []


Overfull \hbox (26.74156pt too wide) in paragraph at lines 1197--1198
[]\T1/lmr/m/n/10 (-20) MN01701|  
 []


Overfull \hbox (27.78426pt too wide) in paragraph at lines 1199--1200
[]\T1/lmr/m/n/10 (-20) mtCapture|  
 []


Overfull \hbox (4.07932pt too wide) in paragraph at lines 1207--1208
[]\T1/lmr/m/n/10 (-20) NA%|  
 []


Overfull \hbox (4.07932pt too wide) in paragraph at lines 1209--1210
[]\T1/lmr/m/n/10 (-20) NA%|  
 []


Overfull \hbox (3.73299pt too wide) in paragraph at lines 1215--1216
 []\T1/lmr/m/n/10 (-20) 8.2400|
 []


Overfull \hbox (21.84157pt too wide) in paragraph at lines 1224--1225
[]\T1/lmr/m/n/10 (-20) MN1943|  
 []


Overfull \hbox (4.07932pt too wide) in paragraph at lines 1234--1235
[]\T1/lmr/m/n/10 (-20) NA%|  
 []


Overfull \hbox (4.07932pt too wide) in paragraph at lines 1236--1237
[]\T1/lmr/m/n/10 (-20) NA%|  
 []


Overfull \hbox (8.28297pt too wide) in paragraph at lines 1242--1243
 []\T1/lmr/m/n/10 (-20) 40.8000|
 []


Overfull \hbox (21.84157pt too wide) in paragraph at lines 1251--1252
[]\T1/lmr/m/n/10 (-20) MN1943|  
 []


Overfull \hbox (4.07932pt too wide) in paragraph at lines 1261--1262
[]\T1/lmr/m/n/10 (-20) NA%|  
 []


Overfull \hbox (4.07932pt too wide) in paragraph at lines 1263--1264
[]\T1/lmr/m/n/10 (-20) NA%|  
 []


Overfull \hbox (3.23299pt too wide) in paragraph at lines 1269--1270
 []\T1/lmr/m/n/10 (-20) 1.0100|
 []

[22 <./dataQuality_files/figure-latex/unnamed-chunk-33-1.pdf>]
Package atveryend Info: Empty hook `BeforeClearDocument' on input line 1284.
[23]
Package atveryend Info: Empty hook `AfterLastShipout' on input line 1284.
(./dataQuality.aux)
Package atveryend Info: Executing hook `AtVeryEndDocument' on input line 1284.
Package atveryend Info: Executing hook `AtEndAfterFileList' on input line 1284.

Package rerunfilecheck Info: File `dataQuality.out' has not changed.
(rerunfilecheck)             Checksum: 099FB4426C741D002D73CB4E9E973442;4721.

LaTeX Warning: There were undefined references.

Package atveryend Info: Empty hook `AtVeryVeryEnd' on input line 1284.
 ) 
Here is how much of TeX's memory you used:
 12842 strings out of 492985
 198365 string characters out of 6132585
 323352 words of memory out of 5000000
 16096 multiletter control sequences out of 15000+600000
 49244 words of font info for 69 fonts, out of 8000000 for 9000
 1141 hyphenation exceptions out of 8191
 32i,5n,38p,929b,434s stack positions out of 5000i,500n,10000p,200000b,80000s
{/usr/local/texlive/2017/texmf-dist/fonts/enc/dvips/lm/lm-mathsy.enc}{/usr/lo
cal/texlive/2017/texmf-dist/fonts/enc/dvips/lm/lm-ts1.enc}{/usr/local/texlive/2
017/texmf-dist/fonts/enc/dvips/lm/lm-ec.enc}</usr/local/texlive/2017/texmf-dist
/fonts/type1/public/lm/lmbx10.pfb></usr/local/texlive/2017/texmf-dist/fonts/typ
e1/public/lm/lmbx12.pfb></usr/local/texlive/2017/texmf-dist/fonts/type1/public/
lm/lmr10.pfb></usr/local/texlive/2017/texmf-dist/fonts/type1/public/lm/lmr17.pf
b></usr/local/texlive/2017/texmf-dist/fonts/type1/public/lm/lmri10.pfb></usr/lo
cal/texlive/2017/texmf-dist/fonts/type1/public/lm/lmri12.pfb></usr/local/texliv
e/2017/texmf-dist/fonts/type1/public/lm/lmsy10.pfb></usr/local/texlive/2017/tex
mf-dist/fonts/type1/public/lm/lmtt10.pfb>
Output written on dataQuality.pdf (23 pages, 895301 bytes).
PDF statistics:
 850 PDF objects out of 1000 (max. 8388607)
 630 compressed objects within 7 object streams
 81 named destinations out of 1000 (max. 500000)
 10765 words of extra memory for PDF output out of 12000 (max. 10000000)

